{"meta": {"format": 3, "version": "7.8.2", "timestamp": "2025-11-25T22:29:51.163504", "branch_coverage": true, "show_contexts": false}, "files": {"app/__init__.py": {"executed_lines": [], "summary": {"covered_lines": 0, "num_statements": 0, "percent_covered": 100.0, "percent_covered_display": "100.00", "missing_lines": 0, "excluded_lines": 0, "num_branches": 0, "num_partial_branches": 0, "covered_branches": 0, "missing_branches": 0}, "missing_lines": [], "excluded_lines": [], "executed_branches": [], "missing_branches": [], "functions": {"": {"executed_lines": [], "summary": {"covered_lines": 0, "num_statements": 0, "percent_covered": 100.0, "percent_covered_display": "100.00", "missing_lines": 0, "excluded_lines": 0, "num_branches": 0, "num_partial_branches": 0, "covered_branches": 0, "missing_branches": 0}, "missing_lines": [], "excluded_lines": [], "executed_branches": [], "missing_branches": []}}, "classes": {"": {"executed_lines": [], "summary": {"covered_lines": 0, "num_statements": 0, "percent_covered": 100.0, "percent_covered_display": "100.00", "missing_lines": 0, "excluded_lines": 0, "num_branches": 0, "num_partial_branches": 0, "covered_branches": 0, "missing_branches": 0}, "missing_lines": [], "excluded_lines": [], "executed_branches": [], "missing_branches": []}}}, "app/advanced_rate_limiting.py": {"executed_lines": [], "summary": {"covered_lines": 0, "num_statements": 120, "percent_covered": 0.0, "percent_covered_display": "0.00", "missing_lines": 120, "excluded_lines": 0, "num_branches": 22, "num_partial_branches": 0, "covered_branches": 0, "missing_branches": 22}, "missing_lines": [13, 15, 16, 17, 18, 19, 21, 22, 24, 26, 32, 34, 35, 36, 37, 40, 41, 43, 44, 45, 49, 103, 110, 111, 113, 133, 134, 137, 174, 175, 185, 186, 187, 188, 189, 191, 198, 200, 201, 203, 210, 212, 213, 214, 217, 218, 219, 220, 221, 228, 231, 232, 233, 235, 238, 240, 241, 242, 247, 249, 251, 258, 259, 262, 264, 267, 269, 270, 271, 274, 275, 276, 278, 285, 286, 287, 290, 291, 292, 294, 296, 304, 306, 307, 315, 333, 346, 348, 351, 353, 354, 355, 356, 358, 365, 367, 368, 369, 371, 373, 374, 375, 376, 377, 378, 379, 381, 387, 388, 389, 390, 391, 392, 393, 394, 395, 397, 399, 400, 401], "excluded_lines": [], "executed_branches": [], "missing_branches": [[240, 241], [240, 249], [258, 259], [258, 262], [269, 270], [269, 274], [290, 291], [290, 294], [306, 307], [306, 333], [353, 354], [353, 358], [368, 369], [368, 371], [378, 375], [378, 379], [387, 388], [387, 397], [389, 387], [389, 390], [392, 393], [392, 394]], "functions": {"SlidingWindowRateLimiter.__init__": {"executed_lines": [], "summary": {"covered_lines": 0, "num_statements": 1, "percent_covered": 0.0, "percent_covered_display": "0.00", "missing_lines": 1, "excluded_lines": 0, "num_branches": 0, "num_partial_branches": 0, "covered_branches": 0, "missing_branches": 0}, "missing_lines": [111], "excluded_lines": [], "executed_branches": [], "missing_branches": []}, "SlidingWindowRateLimiter.check_rate_limit": {"executed_lines": [], "summary": {"covered_lines": 0, "num_statements": 15, "percent_covered": 0.0, "percent_covered_display": "0.00", "missing_lines": 15, "excluded_lines": 0, "num_branches": 0, "num_partial_branches": 0, "covered_branches": 0, "missing_branches": 0}, "missing_lines": [133, 134, 137, 174, 175, 185, 186, 187, 188, 189, 191, 198, 200, 201, 203], "excluded_lines": [], "executed_branches": [], "missing_branches": []}, "SlidingWindowRateLimiter.get_current_usage": {"executed_lines": [], "summary": {"covered_lines": 0, "num_statements": 8, "percent_covered": 0.0, "percent_covered_display": "0.00", "missing_lines": 8, "excluded_lines": 0, "num_branches": 0, "num_partial_branches": 0, "covered_branches": 0, "missing_branches": 0}, "missing_lines": [212, 213, 214, 217, 218, 219, 220, 221], "excluded_lines": [], "executed_branches": [], "missing_branches": []}, "RateLimitManager.__init__": {"executed_lines": [], "summary": {"covered_lines": 0, "num_statements": 2, "percent_covered": 0.0, "percent_covered_display": "0.00", "missing_lines": 2, "excluded_lines": 0, "num_branches": 0, "num_partial_branches": 0, "covered_branches": 0, "missing_branches": 0}, "missing_lines": [232, 233], "excluded_lines": [], "executed_branches": [], "missing_branches": []}, "RateLimitManager._get_tier": {"executed_lines": [], "summary": {"covered_lines": 0, "num_statements": 6, "percent_covered": 0.0, "percent_covered_display": "0.00", "missing_lines": 6, "excluded_lines": 0, "num_branches": 2, "num_partial_branches": 0, "covered_branches": 0, "missing_branches": 2}, "missing_lines": [238, 240, 241, 242, 247, 249], "excluded_lines": [], "executed_branches": [], "missing_branches": [[240, 241], [240, 249]]}, "RateLimitManager._get_limit_rule": {"executed_lines": [], "summary": {"covered_lines": 0, "num_statements": 3, "percent_covered": 0.0, "percent_covered_display": "0.00", "missing_lines": 3, "excluded_lines": 0, "num_branches": 2, "num_partial_branches": 0, "covered_branches": 0, "missing_branches": 2}, "missing_lines": [258, 259, 262], "excluded_lines": [], "executed_branches": [], "missing_branches": [[258, 259], [258, 262]]}, "RateLimitManager._get_rate_limit_key": {"executed_lines": [], "summary": {"covered_lines": 0, "num_statements": 7, "percent_covered": 0.0, "percent_covered_display": "0.00", "missing_lines": 7, "excluded_lines": 0, "num_branches": 2, "num_partial_branches": 0, "covered_branches": 0, "missing_branches": 2}, "missing_lines": [267, 269, 270, 271, 274, 275, 276], "excluded_lines": [], "executed_branches": [], "missing_branches": [[269, 270], [269, 274]]}, "RateLimitManager.check_rate_limit": {"executed_lines": [], "summary": {"covered_lines": 0, "num_statements": 13, "percent_covered": 0.0, "percent_covered_display": "0.00", "missing_lines": 13, "excluded_lines": 0, "num_branches": 4, "num_partial_branches": 0, "covered_branches": 0, "missing_branches": 4}, "missing_lines": [285, 286, 287, 290, 291, 292, 294, 296, 304, 306, 307, 315, 333], "excluded_lines": [], "executed_branches": [], "missing_branches": [[290, 291], [290, 294], [306, 307], [306, 333]]}, "add_rate_limit_headers": {"executed_lines": [], "summary": {"covered_lines": 0, "num_statements": 7, "percent_covered": 0.0, "percent_covered_display": "0.00", "missing_lines": 7, "excluded_lines": 0, "num_branches": 2, "num_partial_branches": 0, "covered_branches": 0, "missing_branches": 2}, "missing_lines": [348, 351, 353, 354, 355, 356, 358], "excluded_lines": [], "executed_branches": [], "missing_branches": [[353, 354], [353, 358]]}, "get_rate_limit_stats": {"executed_lines": [], "summary": {"covered_lines": 0, "num_statements": 25, "percent_covered": 0.0, "percent_covered_display": "0.00", "missing_lines": 25, "excluded_lines": 0, "num_branches": 10, "num_partial_branches": 0, "covered_branches": 0, "missing_branches": 10}, "missing_lines": [367, 368, 369, 371, 373, 374, 375, 376, 377, 378, 379, 381, 387, 388, 389, 390, 391, 392, 393, 394, 395, 397, 399, 400, 401], "excluded_lines": [], "executed_branches": [], "missing_branches": [[368, 369], [368, 371], [378, 375], [378, 379], [387, 388], [387, 397], [389, 387], [389, 390], [392, 393], [392, 394]]}, "": {"executed_lines": [], "summary": {"covered_lines": 0, "num_statements": 33, "percent_covered": 0.0, "percent_covered_display": "0.00", "missing_lines": 33, "excluded_lines": 0, "num_branches": 0, "num_partial_branches": 0, "covered_branches": 0, "missing_branches": 0}, "missing_lines": [13, 15, 16, 17, 18, 19, 21, 22, 24, 26, 32, 34, 35, 36, 37, 40, 41, 43, 44, 45, 49, 103, 110, 113, 210, 228, 231, 235, 251, 264, 278, 346, 365], "excluded_lines": [], "executed_branches": [], "missing_branches": []}}, "classes": {"RateLimitTier": {"executed_lines": [], "summary": {"covered_lines": 0, "num_statements": 0, "percent_covered": 100.0, "percent_covered_display": "100.00", "missing_lines": 0, "excluded_lines": 0, "num_branches": 0, "num_partial_branches": 0, "covered_branches": 0, "missing_branches": 0}, "missing_lines": [], "excluded_lines": [], "executed_branches": [], "missing_branches": []}, "RateLimitRule": {"executed_lines": [], "summary": {"covered_lines": 0, "num_statements": 0, "percent_covered": 100.0, "percent_covered_display": "100.00", "missing_lines": 0, "excluded_lines": 0, "num_branches": 0, "num_partial_branches": 0, "covered_branches": 0, "missing_branches": 0}, "missing_lines": [], "excluded_lines": [], "executed_branches": [], "missing_branches": []}, "SlidingWindowRateLimiter": {"executed_lines": [], "summary": {"covered_lines": 0, "num_statements": 24, "percent_covered": 0.0, "percent_covered_display": "0.00", "missing_lines": 24, "excluded_lines": 0, "num_branches": 0, "num_partial_branches": 0, "covered_branches": 0, "missing_branches": 0}, "missing_lines": [111, 133, 134, 137, 174, 175, 185, 186, 187, 188, 189, 191, 198, 200, 201, 203, 212, 213, 214, 217, 218, 219, 220, 221], "excluded_lines": [], "executed_branches": [], "missing_branches": []}, "RateLimitManager": {"executed_lines": [], "summary": {"covered_lines": 0, "num_statements": 31, "percent_covered": 0.0, "percent_covered_display": "0.00", "missing_lines": 31, "excluded_lines": 0, "num_branches": 10, "num_partial_branches": 0, "covered_branches": 0, "missing_branches": 10}, "missing_lines": [232, 233, 238, 240, 241, 242, 247, 249, 258, 259, 262, 267, 269, 270, 271, 274, 275, 276, 285, 286, 287, 290, 291, 292, 294, 296, 304, 306, 307, 315, 333], "excluded_lines": [], "executed_branches": [], "missing_branches": [[240, 241], [240, 249], [258, 259], [258, 262], [269, 270], [269, 274], [290, 291], [290, 294], [306, 307], [306, 333]]}, "": {"executed_lines": [], "summary": {"covered_lines": 0, "num_statements": 65, "percent_covered": 0.0, "percent_covered_display": "0.00", "missing_lines": 65, "excluded_lines": 0, "num_branches": 12, "num_partial_branches": 0, "covered_branches": 0, "missing_branches": 12}, "missing_lines": [13, 15, 16, 17, 18, 19, 21, 22, 24, 26, 32, 34, 35, 36, 37, 40, 41, 43, 44, 45, 49, 103, 110, 113, 210, 228, 231, 235, 251, 264, 278, 346, 348, 351, 353, 354, 355, 356, 358, 365, 367, 368, 369, 371, 373, 374, 375, 376, 377, 378, 379, 381, 387, 388, 389, 390, 391, 392, 393, 394, 395, 397, 399, 400, 401], "excluded_lines": [], "executed_branches": [], "missing_branches": [[353, 354], [353, 358], [368, 369], [368, 371], [378, 375], [378, 379], [387, 388], [387, 397], [389, 387], [389, 390], [392, 393], [392, 394]]}}}, "app/api_keys.py": {"executed_lines": [1, 8, 9, 10, 11, 12, 13, 14, 16, 18, 19, 21, 22, 28, 34, 44, 47, 53, 54, 55, 57, 64, 68, 76, 80, 88, 95, 107, 108, 110, 111, 117, 118, 127, 128, 130, 167, 210, 239, 240, 298, 299, 367, 368, 509, 510, 512, 513, 522, 523, 542, 543, 637, 638, 704, 705, 745, 746, 795, 796, 913, 914], "summary": {"covered_lines": 58, "num_statements": 334, "percent_covered": 13.679245283018869, "percent_covered_display": "13.68", "missing_lines": 276, "excluded_lines": 0, "num_branches": 90, "num_partial_branches": 0, "covered_branches": 0, "missing_branches": 90}, "missing_lines": [65, 69, 70, 71, 72, 73, 77, 81, 82, 89, 90, 91, 92, 96, 97, 99, 100, 113, 114, 115, 120, 249, 250, 254, 260, 269, 270, 271, 272, 273, 274, 275, 280, 284, 285, 286, 287, 288, 308, 309, 311, 312, 313, 322, 324, 325, 326, 327, 329, 332, 333, 334, 335, 337, 347, 354, 355, 356, 357, 378, 380, 382, 385, 386, 387, 390, 391, 392, 393, 395, 396, 397, 398, 401, 402, 404, 405, 407, 408, 410, 411, 413, 427, 435, 436, 451, 452, 453, 454, 462, 463, 468, 479, 489, 490, 492, 494, 499, 514, 515, 516, 518, 519, 520, 524, 525, 526, 527, 528, 529, 530, 531, 532, 533, 534, 535, 536, 537, 538, 539, 552, 553, 554, 555, 558, 559, 565, 567, 568, 569, 571, 572, 574, 575, 576, 577, 579, 580, 582, 583, 584, 586, 587, 588, 589, 590, 592, 593, 595, 607, 610, 616, 617, 619, 625, 626, 627, 648, 650, 651, 652, 653, 654, 655, 656, 657, 660, 661, 670, 671, 672, 673, 677, 678, 683, 692, 714, 715, 716, 717, 718, 720, 722, 726, 733, 734, 735, 756, 758, 759, 761, 762, 763, 768, 769, 770, 775, 776, 777, 778, 783, 784, 806, 808, 809, 810, 812, 813, 814, 819, 820, 821, 826, 827, 828, 829, 834, 835, 836, 837, 838, 839, 840, 841, 843, 857, 866, 868, 869, 881, 882, 883, 888, 898, 923, 924, 925, 926, 927, 929, 930, 931, 932, 934, 935, 937, 938, 939, 940, 944, 945, 946, 947, 948, 949, 951, 953, 954, 956, 957, 961, 964, 965, 966, 967, 968, 970, 975, 976, 977, 979, 988, 989, 990, 991, 992], "excluded_lines": [], "executed_branches": [], "missing_branches": [[69, 70], [69, 71], [71, 72], [71, 73], [81, -80], [81, 82], [96, 97], [96, 99], [113, 114], [113, 115], [249, 250], [249, 260], [274, 275], [274, 280], [312, 313], [312, 322], [395, 396], [395, 401], [401, 402], [401, 404], [407, 408], [407, 410], [453, 454], [453, 462], [514, 515], [514, 516], [524, 525], [524, 526], [527, 528], [527, 530], [528, 529], [528, 536], [530, 531], [530, 533], [531, 532], [531, 536], [533, 534], [533, 536], [534, 535], [534, 536], [537, 538], [537, 539], [558, 559], [558, 565], [568, 569], [568, 571], [574, 575], [574, 610], [575, 576], [575, 579], [582, 583], [582, 586], [592, 593], [592, 595], [655, 656], [655, 657], [672, 673], [672, 677], [762, 763], [762, 768], [769, 770], [769, 775], [777, 778], [777, 783], [813, 814], [813, 819], [820, 821], [820, 826], [828, 829], [828, 834], [839, 840], [839, 841], [929, 930], [929, 951], [931, 932], [931, 934], [934, 935], [934, 937], [944, 945], [944, 953], [946, 947], [946, 953], [948, 949], [948, 953], [953, 954], [953, 956], [956, 957], [956, 961], [965, 966], [965, 970]], "functions": {"_utcnow_iso": {"executed_lines": [], "summary": {"covered_lines": 0, "num_statements": 1, "percent_covered": 0.0, "percent_covered_display": "0.00", "missing_lines": 1, "excluded_lines": 0, "num_branches": 0, "num_partial_branches": 0, "covered_branches": 0, "missing_branches": 0}, "missing_lines": [65], "excluded_lines": [], "executed_branches": [], "missing_branches": []}, "_decode": {"executed_lines": [], "summary": {"covered_lines": 0, "num_statements": 5, "percent_covered": 0.0, "percent_covered_display": "0.00", "missing_lines": 5, "excluded_lines": 0, "num_branches": 4, "num_partial_branches": 0, "covered_branches": 0, "missing_branches": 4}, "missing_lines": [69, 70, 71, 72, 73], "excluded_lines": [], "executed_branches": [], "missing_branches": [[69, 70], [69, 71], [71, 72], [71, 73]]}, "_decode_dict": {"executed_lines": [], "summary": {"covered_lines": 0, "num_statements": 1, "percent_covered": 0.0, "percent_covered_display": "0.00", "missing_lines": 1, "excluded_lines": 0, "num_branches": 0, "num_partial_branches": 0, "covered_branches": 0, "missing_branches": 0}, "missing_lines": [77], "excluded_lines": [], "executed_branches": [], "missing_branches": []}, "_ensure_key_hash_format": {"executed_lines": [], "summary": {"covered_lines": 0, "num_statements": 2, "percent_covered": 0.0, "percent_covered_display": "0.00", "missing_lines": 2, "excluded_lines": 0, "num_branches": 2, "num_partial_branches": 0, "covered_branches": 0, "missing_branches": 2}, "missing_lines": [81, 82], "excluded_lines": [], "executed_branches": [], "missing_branches": [[81, -80], [81, 82]]}, "_safe_json_loads": {"executed_lines": [], "summary": {"covered_lines": 0, "num_statements": 4, "percent_covered": 0.0, "percent_covered_display": "0.00", "missing_lines": 4, "excluded_lines": 0, "num_branches": 0, "num_partial_branches": 0, "covered_branches": 0, "missing_branches": 0}, "missing_lines": [89, 90, 91, 92], "excluded_lines": [], "executed_branches": [], "missing_branches": []}, "_sanitize_metadata": {"executed_lines": [], "summary": {"covered_lines": 0, "num_statements": 4, "percent_covered": 0.0, "percent_covered_display": "0.00", "missing_lines": 4, "excluded_lines": 0, "num_branches": 2, "num_partial_branches": 0, "covered_branches": 0, "missing_branches": 2}, "missing_lines": [96, 97, 99, 100], "excluded_lines": [], "executed_branches": [], "missing_branches": [[96, 97], [96, 99]]}, "APIKeySecurity.hash_id": {"executed_lines": [], "summary": {"covered_lines": 0, "num_statements": 3, "percent_covered": 0.0, "percent_covered_display": "0.00", "missing_lines": 3, "excluded_lines": 0, "num_branches": 2, "num_partial_branches": 0, "covered_branches": 0, "missing_branches": 2}, "missing_lines": [113, 114, 115], "excluded_lines": [], "executed_branches": [], "missing_branches": [[113, 114], [113, 115]]}, "APIKeySecurity.validate_key_hash": {"executed_lines": [], "summary": {"covered_lines": 0, "num_statements": 1, "percent_covered": 0.0, "percent_covered_display": "0.00", "missing_lines": 1, "excluded_lines": 0, "num_branches": 0, "num_partial_branches": 0, "covered_branches": 0, "missing_branches": 0}, "missing_lines": [120], "excluded_lines": [], "executed_branches": [], "missing_branches": []}, "repair_user_data_endpoint": {"executed_lines": [], "summary": {"covered_lines": 0, "num_statements": 17, "percent_covered": 0.0, "percent_covered_display": "0.00", "missing_lines": 17, "excluded_lines": 0, "num_branches": 4, "num_partial_branches": 0, "covered_branches": 0, "missing_branches": 4}, "missing_lines": [249, 250, 254, 260, 269, 270, 271, 272, 273, 274, 275, 280, 284, 285, 286, 287, 288], "excluded_lines": [], "executed_branches": [], "missing_branches": [[249, 250], [249, 260], [274, 275], [274, 280]]}, "force_sync": {"executed_lines": [], "summary": {"covered_lines": 0, "num_statements": 21, "percent_covered": 0.0, "percent_covered_display": "0.00", "missing_lines": 21, "excluded_lines": 0, "num_branches": 2, "num_partial_branches": 0, "covered_branches": 0, "missing_branches": 2}, "missing_lines": [308, 309, 311, 312, 313, 322, 324, 325, 326, 327, 329, 332, 333, 334, 335, 337, 347, 354, 355, 356, 357], "excluded_lines": [], "executed_branches": [], "missing_branches": [[312, 313], [312, 322]]}, "create_api_key": {"executed_lines": [], "summary": {"covered_lines": 0, "num_statements": 39, "percent_covered": 0.0, "percent_covered_display": "0.00", "missing_lines": 39, "excluded_lines": 0, "num_branches": 8, "num_partial_branches": 0, "covered_branches": 0, "missing_branches": 8}, "missing_lines": [378, 380, 382, 385, 386, 387, 390, 391, 392, 393, 395, 396, 397, 398, 401, 402, 404, 405, 407, 408, 410, 411, 413, 427, 435, 436, 451, 452, 453, 454, 462, 463, 468, 479, 489, 490, 492, 494, 499], "excluded_lines": [], "executed_branches": [], "missing_branches": [[395, 396], [395, 401], [401, 402], [401, 404], [407, 408], [407, 410], [453, 454], [453, 462]]}, "APIKeyManagement.parse_timestamp": {"executed_lines": [], "summary": {"covered_lines": 0, "num_statements": 6, "percent_covered": 0.0, "percent_covered_display": "0.00", "missing_lines": 6, "excluded_lines": 0, "num_branches": 2, "num_partial_branches": 0, "covered_branches": 0, "missing_branches": 2}, "missing_lines": [514, 515, 516, 518, 519, 520], "excluded_lines": [], "executed_branches": [], "missing_branches": [[514, 515], [514, 516]]}, "APIKeyManagement.determine_revocation_status": {"executed_lines": [], "summary": {"covered_lines": 0, "num_statements": 16, "percent_covered": 0.0, "percent_covered_display": "0.00", "missing_lines": 16, "excluded_lines": 0, "num_branches": 16, "num_partial_branches": 0, "covered_branches": 0, "missing_branches": 16}, "missing_lines": [524, 525, 526, 527, 528, 529, 530, 531, 532, 533, 534, 535, 536, 537, 538, 539], "excluded_lines": [], "executed_branches": [], "missing_branches": [[524, 525], [524, 526], [527, 528], [527, 530], [528, 529], [528, 536], [530, 531], [530, 533], [531, 532], [531, 536], [533, 534], [533, 536], [534, 535], [534, 536], [537, 538], [537, 539]]}, "list_api_keys": {"executed_lines": [], "summary": {"covered_lines": 0, "num_statements": 37, "percent_covered": 0.0, "percent_covered_display": "0.00", "missing_lines": 37, "excluded_lines": 0, "num_branches": 12, "num_partial_branches": 0, "covered_branches": 0, "missing_branches": 12}, "missing_lines": [552, 553, 554, 555, 558, 559, 565, 567, 568, 569, 571, 572, 574, 575, 576, 577, 579, 580, 582, 583, 584, 586, 587, 588, 589, 590, 592, 593, 595, 607, 610, 616, 617, 619, 625, 626, 627], "excluded_lines": [], "executed_branches": [], "missing_branches": [[558, 559], [558, 565], [568, 569], [568, 571], [574, 575], [574, 610], [575, 576], [575, 579], [582, 583], [582, 586], [592, 593], [592, 595]]}, "revoke_api_key": {"executed_lines": [], "summary": {"covered_lines": 0, "num_statements": 19, "percent_covered": 0.0, "percent_covered_display": "0.00", "missing_lines": 19, "excluded_lines": 0, "num_branches": 4, "num_partial_branches": 0, "covered_branches": 0, "missing_branches": 4}, "missing_lines": [648, 650, 651, 652, 653, 654, 655, 656, 657, 660, 661, 670, 671, 672, 673, 677, 678, 683, 692], "excluded_lines": [], "executed_branches": [], "missing_branches": [[655, 656], [655, 657], [672, 673], [672, 677]]}, "sync_plan_keys": {"executed_lines": [], "summary": {"covered_lines": 0, "num_statements": 11, "percent_covered": 0.0, "percent_covered_display": "0.00", "missing_lines": 11, "excluded_lines": 0, "num_branches": 0, "num_partial_branches": 0, "covered_branches": 0, "missing_branches": 0}, "missing_lines": [714, 715, 716, 717, 718, 720, 722, 726, 733, 734, 735], "excluded_lines": [], "executed_branches": [], "missing_branches": []}, "get_api_key_value": {"executed_lines": [], "summary": {"covered_lines": 0, "num_statements": 15, "percent_covered": 0.0, "percent_covered_display": "0.00", "missing_lines": 15, "excluded_lines": 0, "num_branches": 6, "num_partial_branches": 0, "covered_branches": 0, "missing_branches": 6}, "missing_lines": [756, 758, 759, 761, 762, 763, 768, 769, 770, 775, 776, 777, 778, 783, 784], "excluded_lines": [], "executed_branches": [], "missing_branches": [[762, 763], [762, 768], [769, 770], [769, 775], [777, 778], [777, 783]]}, "rotate_api_key": {"executed_lines": [], "summary": {"covered_lines": 0, "num_statements": 32, "percent_covered": 0.0, "percent_covered_display": "0.00", "missing_lines": 32, "excluded_lines": 0, "num_branches": 8, "num_partial_branches": 0, "covered_branches": 0, "missing_branches": 8}, "missing_lines": [806, 808, 809, 810, 812, 813, 814, 819, 820, 821, 826, 827, 828, 829, 834, 835, 836, 837, 838, 839, 840, 841, 843, 857, 866, 868, 869, 881, 882, 883, 888, 898], "excluded_lines": [], "executed_branches": [], "missing_branches": [[813, 814], [813, 819], [820, 821], [820, 826], [828, 829], [828, 834], [839, 840], [839, 841]]}, "get_usage": {"executed_lines": [], "summary": {"covered_lines": 0, "num_statements": 42, "percent_covered": 0.0, "percent_covered_display": "0.00", "missing_lines": 42, "excluded_lines": 0, "num_branches": 18, "num_partial_branches": 0, "covered_branches": 0, "missing_branches": 18}, "missing_lines": [923, 924, 925, 926, 927, 929, 930, 931, 932, 934, 935, 937, 938, 939, 940, 944, 945, 946, 947, 948, 949, 951, 953, 954, 956, 957, 961, 964, 965, 966, 967, 968, 970, 975, 976, 977, 979, 988, 989, 990, 991, 992], "excluded_lines": [], "executed_branches": [], "missing_branches": [[929, 930], [929, 951], [931, 932], [931, 934], [934, 935], [934, 937], [944, 945], [944, 953], [946, 947], [946, 953], [948, 949], [948, 953], [953, 954], [953, 956], [956, 957], [956, 961], [965, 966], [965, 970]]}, "": {"executed_lines": [1, 8, 9, 10, 11, 12, 13, 14, 16, 18, 19, 21, 22, 28, 34, 44, 47, 53, 54, 55, 57, 64, 68, 76, 80, 88, 95, 107, 108, 110, 111, 117, 118, 127, 128, 130, 167, 210, 239, 240, 298, 299, 367, 368, 509, 510, 512, 513, 522, 523, 542, 543, 637, 638, 704, 705, 745, 746, 795, 796, 913, 914], "summary": {"covered_lines": 58, "num_statements": 58, "percent_covered": 100.0, "percent_covered_display": "100.00", "missing_lines": 0, "excluded_lines": 0, "num_branches": 0, "num_partial_branches": 0, "covered_branches": 0, "missing_branches": 0}, "missing_lines": [], "excluded_lines": [], "executed_branches": [], "missing_branches": []}}, "classes": {"APIKeySecurity": {"executed_lines": [], "summary": {"covered_lines": 0, "num_statements": 4, "percent_covered": 0.0, "percent_covered_display": "0.00", "missing_lines": 4, "excluded_lines": 0, "num_branches": 2, "num_partial_branches": 0, "covered_branches": 0, "missing_branches": 2}, "missing_lines": [113, 114, 115, 120], "excluded_lines": [], "executed_branches": [], "missing_branches": [[113, 114], [113, 115]]}, "AtomicOperations": {"executed_lines": [], "summary": {"covered_lines": 0, "num_statements": 0, "percent_covered": 100.0, "percent_covered_display": "100.00", "missing_lines": 0, "excluded_lines": 0, "num_branches": 0, "num_partial_branches": 0, "covered_branches": 0, "missing_branches": 0}, "missing_lines": [], "excluded_lines": [], "executed_branches": [], "missing_branches": []}, "APIKeyManagement": {"executed_lines": [], "summary": {"covered_lines": 0, "num_statements": 22, "percent_covered": 0.0, "percent_covered_display": "0.00", "missing_lines": 22, "excluded_lines": 0, "num_branches": 18, "num_partial_branches": 0, "covered_branches": 0, "missing_branches": 18}, "missing_lines": [514, 515, 516, 518, 519, 520, 524, 525, 526, 527, 528, 529, 530, 531, 532, 533, 534, 535, 536, 537, 538, 539], "excluded_lines": [], "executed_branches": [], "missing_branches": [[514, 515], [514, 516], [524, 525], [524, 526], [527, 528], [527, 530], [528, 529], [528, 536], [530, 531], [530, 533], [531, 532], [531, 536], [533, 534], [533, 536], [534, 535], [534, 536], [537, 538], [537, 539]]}, "": {"executed_lines": [1, 8, 9, 10, 11, 12, 13, 14, 16, 18, 19, 21, 22, 28, 34, 44, 47, 53, 54, 55, 57, 64, 68, 76, 80, 88, 95, 107, 108, 110, 111, 117, 118, 127, 128, 130, 167, 210, 239, 240, 298, 299, 367, 368, 509, 510, 512, 513, 522, 523, 542, 543, 637, 638, 704, 705, 745, 746, 795, 796, 913, 914], "summary": {"covered_lines": 58, "num_statements": 308, "percent_covered": 15.343915343915343, "percent_covered_display": "15.34", "missing_lines": 250, "excluded_lines": 0, "num_branches": 70, "num_partial_branches": 0, "covered_branches": 0, "missing_branches": 70}, "missing_lines": [65, 69, 70, 71, 72, 73, 77, 81, 82, 89, 90, 91, 92, 96, 97, 99, 100, 249, 250, 254, 260, 269, 270, 271, 272, 273, 274, 275, 280, 284, 285, 286, 287, 288, 308, 309, 311, 312, 313, 322, 324, 325, 326, 327, 329, 332, 333, 334, 335, 337, 347, 354, 355, 356, 357, 378, 380, 382, 385, 386, 387, 390, 391, 392, 393, 395, 396, 397, 398, 401, 402, 404, 405, 407, 408, 410, 411, 413, 427, 435, 436, 451, 452, 453, 454, 462, 463, 468, 479, 489, 490, 492, 494, 499, 552, 553, 554, 555, 558, 559, 565, 567, 568, 569, 571, 572, 574, 575, 576, 577, 579, 580, 582, 583, 584, 586, 587, 588, 589, 590, 592, 593, 595, 607, 610, 616, 617, 619, 625, 626, 627, 648, 650, 651, 652, 653, 654, 655, 656, 657, 660, 661, 670, 671, 672, 673, 677, 678, 683, 692, 714, 715, 716, 717, 718, 720, 722, 726, 733, 734, 735, 756, 758, 759, 761, 762, 763, 768, 769, 770, 775, 776, 777, 778, 783, 784, 806, 808, 809, 810, 812, 813, 814, 819, 820, 821, 826, 827, 828, 829, 834, 835, 836, 837, 838, 839, 840, 841, 843, 857, 866, 868, 869, 881, 882, 883, 888, 898, 923, 924, 925, 926, 927, 929, 930, 931, 932, 934, 935, 937, 938, 939, 940, 944, 945, 946, 947, 948, 949, 951, 953, 954, 956, 957, 961, 964, 965, 966, 967, 968, 970, 975, 976, 977, 979, 988, 989, 990, 991, 992], "excluded_lines": [], "executed_branches": [], "missing_branches": [[69, 70], [69, 71], [71, 72], [71, 73], [81, -80], [81, 82], [96, 97], [96, 99], [249, 250], [249, 260], [274, 275], [274, 280], [312, 313], [312, 322], [395, 396], [395, 401], [401, 402], [401, 404], [407, 408], [407, 410], [453, 454], [453, 462], [558, 559], [558, 565], [568, 569], [568, 571], [574, 575], [574, 610], [575, 576], [575, 579], [582, 583], [582, 586], [592, 593], [592, 595], [655, 656], [655, 657], [672, 673], [672, 677], [762, 763], [762, 768], [769, 770], [769, 775], [777, 778], [777, 783], [813, 814], [813, 819], [820, 821], [820, 826], [828, 829], [828, 834], [839, 840], [839, 841], [929, 930], [929, 951], [931, 932], [931, 934], [934, 935], [934, 937], [944, 945], [944, 953], [946, 947], [946, 953], [948, 949], [948, 953], [953, 954], [953, 956], [956, 957], [956, 961], [965, 966], [965, 970]]}}}, "app/auth.py": {"executed_lines": [2, 3, 5, 6, 7, 8, 9, 10, 12, 13, 14, 17, 26, 33, 34, 36, 37, 44, 47, 53, 54, 55, 57, 58, 59, 61, 74, 77, 78, 84, 85, 87, 89, 91, 136, 137, 144, 149, 157, 166, 180, 195, 201, 207, 208, 209, 210, 217, 222, 234, 247, 342, 400, 426, 436, 458, 530, 605, 678, 690, 695, 702, 707, 717, 718, 766, 767, 810, 811, 852, 853, 956, 957, 1092, 1093, 1151, 1191, 1201, 1236, 1237, 1238, 1272], "summary": {"covered_lines": 81, "num_statements": 564, "percent_covered": 11.614730878186968, "percent_covered_display": "11.61", "missing_lines": 483, "excluded_lines": 0, "num_branches": 142, "num_partial_branches": 1, "covered_branches": 1, "missing_branches": 141}, "missing_lines": [92, 94, 95, 96, 97, 102, 104, 105, 106, 107, 112, 114, 115, 116, 121, 123, 125, 127, 128, 133, 146, 150, 151, 152, 153, 154, 158, 159, 160, 161, 162, 163, 168, 169, 170, 171, 172, 173, 174, 175, 176, 177, 182, 183, 184, 185, 186, 187, 188, 189, 190, 191, 192, 197, 198, 199, 202, 203, 204, 205, 211, 212, 213, 214, 215, 219, 235, 236, 237, 238, 239, 240, 249, 250, 251, 252, 254, 255, 256, 259, 278, 287, 301, 302, 304, 305, 308, 318, 321, 328, 331, 344, 345, 347, 348, 349, 350, 351, 352, 353, 354, 356, 357, 358, 359, 362, 363, 364, 367, 378, 379, 390, 391, 393, 407, 408, 409, 410, 422, 423, 433, 442, 443, 450, 464, 466, 467, 468, 469, 470, 471, 473, 474, 476, 477, 478, 479, 480, 482, 485, 486, 487, 490, 491, 492, 493, 496, 497, 498, 499, 500, 501, 502, 504, 505, 506, 508, 513, 520, 521, 522, 523, 524, 536, 538, 541, 542, 543, 544, 545, 547, 550, 551, 552, 553, 554, 557, 558, 559, 560, 561, 562, 563, 564, 566, 567, 569, 579, 581, 584, 585, 586, 587, 589, 590, 591, 592, 593, 594, 595, 596, 598, 601, 602, 610, 611, 613, 615, 616, 619, 621, 637, 640, 641, 644, 645, 647, 648, 649, 652, 653, 654, 655, 656, 657, 659, 661, 662, 663, 665, 666, 667, 669, 670, 671, 680, 681, 682, 683, 684, 685, 686, 687, 692, 697, 698, 699, 704, 709, 724, 725, 728, 729, 730, 740, 741, 744, 745, 748, 749, 751, 759, 760, 761, 762, 763, 773, 774, 775, 776, 777, 778, 779, 780, 782, 783, 784, 786, 787, 788, 790, 791, 793, 794, 796, 803, 804, 805, 806, 807, 816, 817, 818, 821, 823, 824, 830, 832, 833, 834, 837, 838, 840, 841, 843, 845, 847, 848, 849, 858, 860, 861, 862, 863, 865, 866, 867, 868, 869, 870, 872, 873, 874, 877, 879, 880, 881, 894, 895, 896, 897, 898, 899, 902, 903, 904, 907, 908, 909, 910, 913, 914, 915, 916, 919, 921, 924, 931, 938, 939, 941, 949, 950, 951, 952, 953, 968, 970, 971, 973, 974, 976, 977, 980, 981, 982, 983, 997, 998, 999, 1001, 1003, 1004, 1006, 1008, 1010, 1012, 1014, 1018, 1024, 1025, 1026, 1027, 1029, 1031, 1032, 1033, 1034, 1047, 1048, 1049, 1050, 1052, 1053, 1055, 1058, 1064, 1065, 1070, 1071, 1077, 1082, 1084, 1085, 1086, 1087, 1099, 1100, 1101, 1102, 1103, 1104, 1106, 1107, 1109, 1110, 1111, 1113, 1114, 1115, 1116, 1118, 1119, 1127, 1129, 1135, 1137, 1138, 1139, 1140, 1141, 1142, 1143, 1153, 1154, 1159, 1160, 1161, 1162, 1163, 1165, 1167, 1168, 1169, 1170, 1171, 1177, 1178, 1179, 1180, 1181, 1182, 1183, 1193, 1194, 1195, 1196, 1197, 1198, 1210, 1211, 1213, 1214, 1215, 1216, 1217, 1218, 1219, 1224, 1225, 1226, 1228, 1240, 1241, 1243, 1244, 1252, 1253, 1254, 1256, 1263, 1264, 1265], "excluded_lines": [], "executed_branches": [[209, 210]], "missing_branches": [[95, 96], [95, 104], [96, 97], [96, 102], [105, 106], [105, 114], [106, 107], [106, 112], [114, 115], [114, 123], [115, 116], [115, 121], [127, 128], [127, 133], [150, 151], [150, 152], [152, 153], [152, 154], [159, 160], [159, 163], [168, 169], [168, 171], [171, 172], [171, 173], [173, 174], [173, 175], [175, 176], [175, 177], [182, 183], [182, 185], [185, 186], [185, 188], [197, 198], [197, 199], [203, 204], [203, 205], [209, 211], [213, 214], [213, 215], [239, -234], [239, 240], [249, 250], [249, 251], [251, 252], [251, 254], [301, 302], [301, 304], [344, 345], [344, 347], [348, 349], [348, 350], [353, 354], [353, 356], [357, 358], [357, 359], [466, 467], [466, 469], [469, 470], [469, 473], [478, 479], [478, 482], [485, 486], [485, 490], [498, 499], [498, 508], [501, 502], [501, 504], [541, 542], [541, 584], [544, 545], [544, 547], [560, 561], [560, 566], [584, 585], [584, 601], [585, 586], [585, 598], [610, 611], [610, 613], [640, 641], [640, 644], [647, 648], [647, 652], [654, 655], [654, 659], [656, 657], [656, 659], [698, -695], [698, 699], [778, 779], [778, 782], [782, 783], [782, 786], [786, 787], [786, 790], [823, 824], [823, 832], [840, 841], [840, 843], [862, 863], [862, 865], [865, 866], [865, 872], [872, 873], [872, 877], [902, 903], [902, 907], [908, 909], [908, 913], [973, 974], [973, 976], [980, 981], [980, 1024], [1001, 1003], [1001, 1006], [1031, 1032], [1031, 1058], [1048, 1049], [1048, 1058], [1064, 1065], [1064, 1070], [1070, 1071], [1070, 1077], [1106, 1107], [1106, 1109], [1110, 1111], [1110, 1113], [1153, 1154], [1153, 1159], [1169, 1170], [1169, 1177], [1193, 1194], [1193, 1195], [1195, 1196], [1195, 1197], [1197, -1191], [1197, 1198], [1210, 1211], [1210, 1213], [1224, 1225], [1224, 1228]], "functions": {"CustomHTTPBearer.__init__": {"executed_lines": [89], "summary": {"covered_lines": 1, "num_statements": 1, "percent_covered": 100.0, "percent_covered_display": "100.00", "missing_lines": 0, "excluded_lines": 0, "num_branches": 0, "num_partial_branches": 0, "covered_branches": 0, "missing_branches": 0}, "missing_lines": [], "excluded_lines": [], "executed_branches": [], "missing_branches": []}, "CustomHTTPBearer.__call__": {"executed_lines": [], "summary": {"covered_lines": 0, "num_statements": 20, "percent_covered": 0.0, "percent_covered_display": "0.00", "missing_lines": 20, "excluded_lines": 0, "num_branches": 14, "num_partial_branches": 0, "covered_branches": 0, "missing_branches": 14}, "missing_lines": [92, 94, 95, 96, 97, 102, 104, 105, 106, 107, 112, 114, 115, 116, 121, 123, 125, 127, 128, 133], "excluded_lines": [], "executed_branches": [], "missing_branches": [[95, 96], [95, 104], [96, 97], [96, 102], [105, 106], [105, 114], [106, 107], [106, 112], [114, 115], [114, 123], [115, 116], [115, 121], [127, 128], [127, 133]]}, "get_redis": {"executed_lines": [], "summary": {"covered_lines": 0, "num_statements": 1, "percent_covered": 0.0, "percent_covered_display": "0.00", "missing_lines": 1, "excluded_lines": 0, "num_branches": 0, "num_partial_branches": 0, "covered_branches": 0, "missing_branches": 0}, "missing_lines": [146], "excluded_lines": [], "executed_branches": [], "missing_branches": []}, "_decode_value": {"executed_lines": [], "summary": {"covered_lines": 0, "num_statements": 5, "percent_covered": 0.0, "percent_covered_display": "0.00", "missing_lines": 5, "excluded_lines": 0, "num_branches": 4, "num_partial_branches": 0, "covered_branches": 0, "missing_branches": 4}, "missing_lines": [150, 151, 152, 153, 154], "excluded_lines": [], "executed_branches": [], "missing_branches": [[150, 151], [150, 152], [152, 153], [152, 154]]}, "_decode_hash": {"executed_lines": [], "summary": {"covered_lines": 0, "num_statements": 6, "percent_covered": 0.0, "percent_covered_display": "0.00", "missing_lines": 6, "excluded_lines": 0, "num_branches": 2, "num_partial_branches": 0, "covered_branches": 0, "missing_branches": 2}, "missing_lines": [158, 159, 160, 161, 162, 163], "excluded_lines": [], "executed_branches": [], "missing_branches": [[159, 160], [159, 163]]}, "create_hashed_key": {"executed_lines": [], "summary": {"covered_lines": 0, "num_statements": 10, "percent_covered": 0.0, "percent_covered_display": "0.00", "missing_lines": 10, "excluded_lines": 0, "num_branches": 8, "num_partial_branches": 0, "covered_branches": 0, "missing_branches": 8}, "missing_lines": [168, 169, 170, 171, 172, 173, 174, 175, 176, 177], "excluded_lines": [], "executed_branches": [], "missing_branches": [[168, 169], [168, 171], [171, 172], [171, 173], [173, 174], [173, 175], [175, 176], [175, 177]]}, "verify_password": {"executed_lines": [], "summary": {"covered_lines": 0, "num_statements": 11, "percent_covered": 0.0, "percent_covered_display": "0.00", "missing_lines": 11, "excluded_lines": 0, "num_branches": 4, "num_partial_branches": 0, "covered_branches": 0, "missing_branches": 4}, "missing_lines": [182, 183, 184, 185, 186, 187, 188, 189, 190, 191, 192], "excluded_lines": [], "executed_branches": [], "missing_branches": [[182, 183], [182, 185], [185, 186], [185, 188]]}, "get_password_hash": {"executed_lines": [], "summary": {"covered_lines": 0, "num_statements": 3, "percent_covered": 0.0, "percent_covered_display": "0.00", "missing_lines": 3, "excluded_lines": 0, "num_branches": 2, "num_partial_branches": 0, "covered_branches": 0, "missing_branches": 2}, "missing_lines": [197, 198, 199], "excluded_lines": [], "executed_branches": [], "missing_branches": [[197, 198], [197, 199]]}, "_jwt_signing_key": {"executed_lines": [], "summary": {"covered_lines": 0, "num_statements": 4, "percent_covered": 0.0, "percent_covered_display": "0.00", "missing_lines": 4, "excluded_lines": 0, "num_branches": 2, "num_partial_branches": 0, "covered_branches": 0, "missing_branches": 2}, "missing_lines": [202, 203, 204, 205], "excluded_lines": [], "executed_branches": [], "missing_branches": [[203, 204], [203, 205]]}, "_jwt_verify_key": {"executed_lines": [208, 209, 210], "summary": {"covered_lines": 3, "num_statements": 8, "percent_covered": 33.333333333333336, "percent_covered_display": "33.33", "missing_lines": 5, "excluded_lines": 0, "num_branches": 4, "num_partial_branches": 1, "covered_branches": 1, "missing_branches": 3}, "missing_lines": [211, 212, 213, 214, 215], "excluded_lines": [], "executed_branches": [[209, 210]], "missing_branches": [[209, 211], [213, 214], [213, 215]]}, "_get_unverified_claims": {"executed_lines": [], "summary": {"covered_lines": 0, "num_statements": 1, "percent_covered": 0.0, "percent_covered_display": "0.00", "missing_lines": 1, "excluded_lines": 0, "num_branches": 0, "num_partial_branches": 0, "covered_branches": 0, "missing_branches": 0}, "missing_lines": [219], "excluded_lines": [], "executed_branches": [], "missing_branches": []}, "enforce_rate_limit": {"executed_lines": [], "summary": {"covered_lines": 0, "num_statements": 6, "percent_covered": 0.0, "percent_covered_display": "0.00", "missing_lines": 6, "excluded_lines": 0, "num_branches": 2, "num_partial_branches": 0, "covered_branches": 0, "missing_branches": 2}, "missing_lines": [235, 236, 237, 238, 239, 240], "excluded_lines": [], "executed_branches": [], "missing_branches": [[239, -234], [239, 240]]}, "create_user": {"executed_lines": [], "summary": {"covered_lines": 0, "num_statements": 19, "percent_covered": 0.0, "percent_covered_display": "0.00", "missing_lines": 19, "excluded_lines": 0, "num_branches": 6, "num_partial_branches": 0, "covered_branches": 0, "missing_branches": 6}, "missing_lines": [249, 250, 251, 252, 254, 255, 256, 259, 278, 287, 301, 302, 304, 305, 308, 318, 321, 328, 331], "excluded_lines": [], "executed_branches": [], "missing_branches": [[249, 250], [249, 251], [251, 252], [251, 254], [301, 302], [301, 304]]}, "get_user_by_email": {"executed_lines": [], "summary": {"covered_lines": 0, "num_statements": 23, "percent_covered": 0.0, "percent_covered_display": "0.00", "missing_lines": 23, "excluded_lines": 0, "num_branches": 8, "num_partial_branches": 0, "covered_branches": 0, "missing_branches": 8}, "missing_lines": [344, 345, 347, 348, 349, 350, 351, 352, 353, 354, 356, 357, 358, 359, 362, 363, 364, 367, 378, 379, 390, 391, 393], "excluded_lines": [], "executed_branches": [], "missing_branches": [[344, 345], [344, 347], [348, 349], [348, 350], [353, 354], [353, 356], [357, 358], [357, 359]]}, "create_jwt_token": {"executed_lines": [], "summary": {"covered_lines": 0, "num_statements": 6, "percent_covered": 0.0, "percent_covered_display": "0.00", "missing_lines": 6, "excluded_lines": 0, "num_branches": 0, "num_partial_branches": 0, "covered_branches": 0, "missing_branches": 0}, "missing_lines": [407, 408, 409, 410, 422, 423], "excluded_lines": [], "executed_branches": [], "missing_branches": []}, "create_access_token": {"executed_lines": [], "summary": {"covered_lines": 0, "num_statements": 1, "percent_covered": 0.0, "percent_covered_display": "0.00", "missing_lines": 1, "excluded_lines": 0, "num_branches": 0, "num_partial_branches": 0, "covered_branches": 0, "missing_branches": 0}, "missing_lines": [433], "excluded_lines": [], "executed_branches": [], "missing_branches": []}, "create_refresh_token": {"executed_lines": [], "summary": {"covered_lines": 0, "num_statements": 3, "percent_covered": 0.0, "percent_covered_display": "0.00", "missing_lines": 3, "excluded_lines": 0, "num_branches": 0, "num_partial_branches": 0, "covered_branches": 0, "missing_branches": 0}, "missing_lines": [442, 443, 450], "excluded_lines": [], "executed_branches": [], "missing_branches": []}, "validate_api_key": {"executed_lines": [], "summary": {"covered_lines": 0, "num_statements": 39, "percent_covered": 0.0, "percent_covered_display": "0.00", "missing_lines": 39, "excluded_lines": 0, "num_branches": 12, "num_partial_branches": 0, "covered_branches": 0, "missing_branches": 12}, "missing_lines": [464, 466, 467, 468, 469, 470, 471, 473, 474, 476, 477, 478, 479, 480, 482, 485, 486, 487, 490, 491, 492, 493, 496, 497, 498, 499, 500, 501, 502, 504, 505, 506, 508, 513, 520, 521, 522, 523, 524], "excluded_lines": [], "executed_branches": [], "missing_branches": [[466, 467], [466, 469], [469, 470], [469, 473], [478, 479], [478, 482], [485, 486], [485, 490], [498, 499], [498, 508], [501, 502], [501, 504]]}, "validate_api_key_or_token": {"executed_lines": [], "summary": {"covered_lines": 0, "num_statements": 41, "percent_covered": 0.0, "percent_covered_display": "0.00", "missing_lines": 41, "excluded_lines": 0, "num_branches": 10, "num_partial_branches": 0, "covered_branches": 0, "missing_branches": 10}, "missing_lines": [536, 538, 541, 542, 543, 544, 545, 547, 550, 551, 552, 553, 554, 557, 558, 559, 560, 561, 562, 563, 564, 566, 567, 569, 579, 581, 584, 585, 586, 587, 589, 590, 591, 592, 593, 594, 595, 596, 598, 601, 602], "excluded_lines": [], "executed_branches": [], "missing_branches": [[541, 542], [541, 584], [544, 545], [544, 547], [560, 561], [560, 566], [584, 585], [584, 601], [585, 586], [585, 598]]}, "get_current_client": {"executed_lines": [], "summary": {"covered_lines": 0, "num_statements": 31, "percent_covered": 0.0, "percent_covered_display": "0.00", "missing_lines": 31, "excluded_lines": 0, "num_branches": 10, "num_partial_branches": 0, "covered_branches": 0, "missing_branches": 10}, "missing_lines": [610, 611, 613, 615, 616, 619, 621, 637, 640, 641, 644, 645, 647, 648, 649, 652, 653, 654, 655, 656, 657, 659, 661, 662, 663, 665, 666, 667, 669, 670, 671], "excluded_lines": [], "executed_branches": [], "missing_branches": [[610, 611], [610, 613], [640, 641], [640, 644], [647, 648], [647, 652], [654, 655], [654, 659], [656, 657], [656, 659]]}, "blacklist_token": {"executed_lines": [], "summary": {"covered_lines": 0, "num_statements": 8, "percent_covered": 0.0, "percent_covered_display": "0.00", "missing_lines": 8, "excluded_lines": 0, "num_branches": 0, "num_partial_branches": 0, "covered_branches": 0, "missing_branches": 0}, "missing_lines": [680, 681, 682, 683, 684, 685, 686, 687], "excluded_lines": [], "executed_branches": [], "missing_branches": []}, "is_token_blacklisted": {"executed_lines": [], "summary": {"covered_lines": 0, "num_statements": 1, "percent_covered": 0.0, "percent_covered_display": "0.00", "missing_lines": 1, "excluded_lines": 0, "num_branches": 0, "num_partial_branches": 0, "covered_branches": 0, "missing_branches": 0}, "missing_lines": [692], "excluded_lines": [], "executed_branches": [], "missing_branches": []}, "store_refresh_token": {"executed_lines": [], "summary": {"covered_lines": 0, "num_statements": 3, "percent_covered": 0.0, "percent_covered_display": "0.00", "missing_lines": 3, "excluded_lines": 0, "num_branches": 2, "num_partial_branches": 0, "covered_branches": 0, "missing_branches": 2}, "missing_lines": [697, 698, 699], "excluded_lines": [], "executed_branches": [], "missing_branches": [[698, -695], [698, 699]]}, "revoke_refresh_token": {"executed_lines": [], "summary": {"covered_lines": 0, "num_statements": 1, "percent_covered": 0.0, "percent_covered_display": "0.00", "missing_lines": 1, "excluded_lines": 0, "num_branches": 0, "num_partial_branches": 0, "covered_branches": 0, "missing_branches": 0}, "missing_lines": [704], "excluded_lines": [], "executed_branches": [], "missing_branches": []}, "is_refresh_token_valid": {"executed_lines": [], "summary": {"covered_lines": 0, "num_statements": 1, "percent_covered": 0.0, "percent_covered_display": "0.00", "missing_lines": 1, "excluded_lines": 0, "num_branches": 0, "num_partial_branches": 0, "covered_branches": 0, "missing_branches": 0}, "missing_lines": [709], "excluded_lines": [], "executed_branches": [], "missing_branches": []}, "register_web_user": {"executed_lines": [], "summary": {"covered_lines": 0, "num_statements": 17, "percent_covered": 0.0, "percent_covered_display": "0.00", "missing_lines": 17, "excluded_lines": 0, "num_branches": 0, "num_partial_branches": 0, "covered_branches": 0, "missing_branches": 0}, "missing_lines": [724, 725, 728, 729, 730, 740, 741, 744, 745, 748, 749, 751, 759, 760, 761, 762, 763], "excluded_lines": [], "executed_branches": [], "missing_branches": []}, "login_web_user": {"executed_lines": [], "summary": {"covered_lines": 0, "num_statements": 24, "percent_covered": 0.0, "percent_covered_display": "0.00", "missing_lines": 24, "excluded_lines": 0, "num_branches": 6, "num_partial_branches": 0, "covered_branches": 0, "missing_branches": 6}, "missing_lines": [773, 774, 775, 776, 777, 778, 779, 780, 782, 783, 784, 786, 787, 788, 790, 791, 793, 794, 796, 803, 804, 805, 806, 807], "excluded_lines": [], "executed_branches": [], "missing_branches": [[778, 779], [778, 782], [782, 783], [782, 786], [786, 787], [786, 790]]}, "get_current_user": {"executed_lines": [], "summary": {"covered_lines": 0, "num_statements": 19, "percent_covered": 0.0, "percent_covered_display": "0.00", "missing_lines": 19, "excluded_lines": 0, "num_branches": 4, "num_partial_branches": 0, "covered_branches": 0, "missing_branches": 4}, "missing_lines": [816, 817, 818, 821, 823, 824, 830, 832, 833, 834, 837, 838, 840, 841, 843, 845, 847, 848, 849], "excluded_lines": [], "executed_branches": [], "missing_branches": [[823, 824], [823, 832], [840, 841], [840, 843]]}, "refresh_token": {"executed_lines": [], "summary": {"covered_lines": 0, "num_statements": 47, "percent_covered": 0.0, "percent_covered_display": "0.00", "missing_lines": 47, "excluded_lines": 0, "num_branches": 10, "num_partial_branches": 0, "covered_branches": 0, "missing_branches": 10}, "missing_lines": [858, 860, 861, 862, 863, 865, 866, 867, 868, 869, 870, 872, 873, 874, 877, 879, 880, 881, 894, 895, 896, 897, 898, 899, 902, 903, 904, 907, 908, 909, 910, 913, 914, 915, 916, 919, 921, 924, 931, 938, 939, 941, 949, 950, 951, 952, 953], "excluded_lines": [], "executed_branches": [], "missing_branches": [[862, 863], [862, 865], [865, 866], [865, 872], [872, 873], [872, 877], [902, 903], [902, 907], [908, 909], [908, 913]]}, "logout": {"executed_lines": [], "summary": {"covered_lines": 0, "num_statements": 50, "percent_covered": 0.0, "percent_covered_display": "0.00", "missing_lines": 50, "excluded_lines": 0, "num_branches": 14, "num_partial_branches": 0, "covered_branches": 0, "missing_branches": 14}, "missing_lines": [968, 970, 971, 973, 974, 976, 977, 980, 981, 982, 983, 997, 998, 999, 1001, 1003, 1004, 1006, 1008, 1010, 1012, 1014, 1018, 1024, 1025, 1026, 1027, 1029, 1031, 1032, 1033, 1034, 1047, 1048, 1049, 1050, 1052, 1053, 1055, 1058, 1064, 1065, 1070, 1071, 1077, 1082, 1084, 1085, 1086, 1087], "excluded_lines": [], "executed_branches": [], "missing_branches": [[973, 974], [973, 976], [980, 981], [980, 1024], [1001, 1003], [1001, 1006], [1031, 1032], [1031, 1058], [1048, 1049], [1048, 1058], [1064, 1065], [1064, 1070], [1070, 1071], [1070, 1077]]}, "rotate_api_key": {"executed_lines": [], "summary": {"covered_lines": 0, "num_statements": 27, "percent_covered": 0.0, "percent_covered_display": "0.00", "missing_lines": 27, "excluded_lines": 0, "num_branches": 4, "num_partial_branches": 0, "covered_branches": 0, "missing_branches": 4}, "missing_lines": [1099, 1100, 1101, 1102, 1103, 1104, 1106, 1107, 1109, 1110, 1111, 1113, 1114, 1115, 1116, 1118, 1119, 1127, 1129, 1135, 1137, 1138, 1139, 1140, 1141, 1142, 1143], "excluded_lines": [], "executed_branches": [], "missing_branches": [[1106, 1107], [1106, 1109], [1110, 1111], [1110, 1113]]}, "get_docs_access": {"executed_lines": [], "summary": {"covered_lines": 0, "num_statements": 20, "percent_covered": 0.0, "percent_covered_display": "0.00", "missing_lines": 20, "excluded_lines": 0, "num_branches": 4, "num_partial_branches": 0, "covered_branches": 0, "missing_branches": 4}, "missing_lines": [1153, 1154, 1159, 1160, 1161, 1162, 1163, 1165, 1167, 1168, 1169, 1170, 1171, 1177, 1178, 1179, 1180, 1181, 1182, 1183], "excluded_lines": [], "executed_branches": [], "missing_branches": [[1153, 1154], [1153, 1159], [1169, 1170], [1169, 1177]]}, "validate_api_key_format": {"executed_lines": [], "summary": {"covered_lines": 0, "num_statements": 6, "percent_covered": 0.0, "percent_covered_display": "0.00", "missing_lines": 6, "excluded_lines": 0, "num_branches": 6, "num_partial_branches": 0, "covered_branches": 0, "missing_branches": 6}, "missing_lines": [1193, 1194, 1195, 1196, 1197, 1198], "excluded_lines": [], "executed_branches": [], "missing_branches": [[1193, 1194], [1193, 1195], [1195, 1196], [1195, 1197], [1197, -1191], [1197, 1198]]}, "validate_api_key_string": {"executed_lines": [], "summary": {"covered_lines": 0, "num_statements": 13, "percent_covered": 0.0, "percent_covered_display": "0.00", "missing_lines": 13, "excluded_lines": 0, "num_branches": 4, "num_partial_branches": 0, "covered_branches": 0, "missing_branches": 4}, "missing_lines": [1210, 1211, 1213, 1214, 1215, 1216, 1217, 1218, 1219, 1224, 1225, 1226, 1228], "excluded_lines": [], "executed_branches": [], "missing_branches": [[1210, 1211], [1210, 1213], [1224, 1225], [1224, 1228]]}, "auth_health_check": {"executed_lines": [], "summary": {"covered_lines": 0, "num_statements": 11, "percent_covered": 0.0, "percent_covered_display": "0.00", "missing_lines": 11, "excluded_lines": 0, "num_branches": 0, "num_partial_branches": 0, "covered_branches": 0, "missing_branches": 0}, "missing_lines": [1240, 1241, 1243, 1244, 1252, 1253, 1254, 1256, 1263, 1264, 1265], "excluded_lines": [], "executed_branches": [], "missing_branches": []}, "": {"executed_lines": [2, 3, 5, 6, 7, 8, 9, 10, 12, 13, 14, 17, 26, 33, 34, 36, 37, 44, 47, 53, 54, 55, 57, 58, 59, 61, 74, 77, 78, 84, 85, 87, 91, 136, 137, 144, 149, 157, 166, 180, 195, 201, 207, 217, 222, 234, 247, 342, 400, 426, 436, 458, 530, 605, 678, 690, 695, 702, 707, 717, 718, 766, 767, 810, 811, 852, 853, 956, 957, 1092, 1093, 1151, 1191, 1201, 1236, 1237, 1238, 1272], "summary": {"covered_lines": 77, "num_statements": 77, "percent_covered": 100.0, "percent_covered_display": "100.00", "missing_lines": 0, "excluded_lines": 0, "num_branches": 0, "num_partial_branches": 0, "covered_branches": 0, "missing_branches": 0}, "missing_lines": [], "excluded_lines": [], "executed_branches": [], "missing_branches": []}}, "classes": {"CustomHTTPBearer": {"executed_lines": [89], "summary": {"covered_lines": 1, "num_statements": 21, "percent_covered": 2.857142857142857, "percent_covered_display": "2.86", "missing_lines": 20, "excluded_lines": 0, "num_branches": 14, "num_partial_branches": 0, "covered_branches": 0, "missing_branches": 14}, "missing_lines": [92, 94, 95, 96, 97, 102, 104, 105, 106, 107, 112, 114, 115, 116, 121, 123, 125, 127, 128, 133], "excluded_lines": [], "executed_branches": [], "missing_branches": [[95, 96], [95, 104], [96, 97], [96, 102], [105, 106], [105, 114], [106, 107], [106, 112], [114, 115], [114, 123], [115, 116], [115, 121], [127, 128], [127, 133]]}, "": {"executed_lines": [2, 3, 5, 6, 7, 8, 9, 10, 12, 13, 14, 17, 26, 33, 34, 36, 37, 44, 47, 53, 54, 55, 57, 58, 59, 61, 74, 77, 78, 84, 85, 87, 91, 136, 137, 144, 149, 157, 166, 180, 195, 201, 207, 208, 209, 210, 217, 222, 234, 247, 342, 400, 426, 436, 458, 530, 605, 678, 690, 695, 702, 707, 717, 718, 766, 767, 810, 811, 852, 853, 956, 957, 1092, 1093, 1151, 1191, 1201, 1236, 1237, 1238, 1272], "summary": {"covered_lines": 80, "num_statements": 543, "percent_covered": 12.071535022354695, "percent_covered_display": "12.07", "missing_lines": 463, "excluded_lines": 0, "num_branches": 128, "num_partial_branches": 1, "covered_branches": 1, "missing_branches": 127}, "missing_lines": [146, 150, 151, 152, 153, 154, 158, 159, 160, 161, 162, 163, 168, 169, 170, 171, 172, 173, 174, 175, 176, 177, 182, 183, 184, 185, 186, 187, 188, 189, 190, 191, 192, 197, 198, 199, 202, 203, 204, 205, 211, 212, 213, 214, 215, 219, 235, 236, 237, 238, 239, 240, 249, 250, 251, 252, 254, 255, 256, 259, 278, 287, 301, 302, 304, 305, 308, 318, 321, 328, 331, 344, 345, 347, 348, 349, 350, 351, 352, 353, 354, 356, 357, 358, 359, 362, 363, 364, 367, 378, 379, 390, 391, 393, 407, 408, 409, 410, 422, 423, 433, 442, 443, 450, 464, 466, 467, 468, 469, 470, 471, 473, 474, 476, 477, 478, 479, 480, 482, 485, 486, 487, 490, 491, 492, 493, 496, 497, 498, 499, 500, 501, 502, 504, 505, 506, 508, 513, 520, 521, 522, 523, 524, 536, 538, 541, 542, 543, 544, 545, 547, 550, 551, 552, 553, 554, 557, 558, 559, 560, 561, 562, 563, 564, 566, 567, 569, 579, 581, 584, 585, 586, 587, 589, 590, 591, 592, 593, 594, 595, 596, 598, 601, 602, 610, 611, 613, 615, 616, 619, 621, 637, 640, 641, 644, 645, 647, 648, 649, 652, 653, 654, 655, 656, 657, 659, 661, 662, 663, 665, 666, 667, 669, 670, 671, 680, 681, 682, 683, 684, 685, 686, 687, 692, 697, 698, 699, 704, 709, 724, 725, 728, 729, 730, 740, 741, 744, 745, 748, 749, 751, 759, 760, 761, 762, 763, 773, 774, 775, 776, 777, 778, 779, 780, 782, 783, 784, 786, 787, 788, 790, 791, 793, 794, 796, 803, 804, 805, 806, 807, 816, 817, 818, 821, 823, 824, 830, 832, 833, 834, 837, 838, 840, 841, 843, 845, 847, 848, 849, 858, 860, 861, 862, 863, 865, 866, 867, 868, 869, 870, 872, 873, 874, 877, 879, 880, 881, 894, 895, 896, 897, 898, 899, 902, 903, 904, 907, 908, 909, 910, 913, 914, 915, 916, 919, 921, 924, 931, 938, 939, 941, 949, 950, 951, 952, 953, 968, 970, 971, 973, 974, 976, 977, 980, 981, 982, 983, 997, 998, 999, 1001, 1003, 1004, 1006, 1008, 1010, 1012, 1014, 1018, 1024, 1025, 1026, 1027, 1029, 1031, 1032, 1033, 1034, 1047, 1048, 1049, 1050, 1052, 1053, 1055, 1058, 1064, 1065, 1070, 1071, 1077, 1082, 1084, 1085, 1086, 1087, 1099, 1100, 1101, 1102, 1103, 1104, 1106, 1107, 1109, 1110, 1111, 1113, 1114, 1115, 1116, 1118, 1119, 1127, 1129, 1135, 1137, 1138, 1139, 1140, 1141, 1142, 1143, 1153, 1154, 1159, 1160, 1161, 1162, 1163, 1165, 1167, 1168, 1169, 1170, 1171, 1177, 1178, 1179, 1180, 1181, 1182, 1183, 1193, 1194, 1195, 1196, 1197, 1198, 1210, 1211, 1213, 1214, 1215, 1216, 1217, 1218, 1219, 1224, 1225, 1226, 1228, 1240, 1241, 1243, 1244, 1252, 1253, 1254, 1256, 1263, 1264, 1265], "excluded_lines": [], "executed_branches": [[209, 210]], "missing_branches": [[150, 151], [150, 152], [152, 153], [152, 154], [159, 160], [159, 163], [168, 169], [168, 171], [171, 172], [171, 173], [173, 174], [173, 175], [175, 176], [175, 177], [182, 183], [182, 185], [185, 186], [185, 188], [197, 198], [197, 199], [203, 204], [203, 205], [209, 211], [213, 214], [213, 215], [239, -234], [239, 240], [249, 250], [249, 251], [251, 252], [251, 254], [301, 302], [301, 304], [344, 345], [344, 347], [348, 349], [348, 350], [353, 354], [353, 356], [357, 358], [357, 359], [466, 467], [466, 469], [469, 470], [469, 473], [478, 479], [478, 482], [485, 486], [485, 490], [498, 499], [498, 508], [501, 502], [501, 504], [541, 542], [541, 584], [544, 545], [544, 547], [560, 561], [560, 566], [584, 585], [584, 601], [585, 586], [585, 598], [610, 611], [610, 613], [640, 641], [640, 644], [647, 648], [647, 652], [654, 655], [654, 659], [656, 657], [656, 659], [698, -695], [698, 699], [778, 779], [778, 782], [782, 783], [782, 786], [786, 787], [786, 790], [823, 824], [823, 832], [840, 841], [840, 843], [862, 863], [862, 865], [865, 866], [865, 872], [872, 873], [872, 877], [902, 903], [902, 907], [908, 909], [908, 913], [973, 974], [973, 976], [980, 981], [980, 1024], [1001, 1003], [1001, 1006], [1031, 1032], [1031, 1058], [1048, 1049], [1048, 1058], [1064, 1065], [1064, 1070], [1070, 1071], [1070, 1077], [1106, 1107], [1106, 1109], [1110, 1111], [1110, 1113], [1153, 1154], [1153, 1159], [1169, 1170], [1169, 1177], [1193, 1194], [1193, 1195], [1195, 1196], [1195, 1197], [1197, -1191], [1197, 1198], [1210, 1211], [1210, 1213], [1224, 1225], [1224, 1228]]}}}, "app/cache.py": {"executed_lines": [3, 4, 5, 6, 8, 9, 11, 12, 13, 14, 15, 17, 31, 35, 36, 37, 38, 41, 46], "summary": {"covered_lines": 18, "num_statements": 31, "percent_covered": 51.351351351351354, "percent_covered_display": "51.35", "missing_lines": 13, "excluded_lines": 0, "num_branches": 6, "num_partial_branches": 1, "covered_branches": 1, "missing_branches": 5}, "missing_lines": [21, 22, 23, 24, 25, 26, 28, 29, 39, 43, 44, 48, 49], "excluded_lines": [], "executed_branches": [[38, -31]], "missing_branches": [[22, 23], [22, 29], [24, 25], [24, 28], [38, 39]], "functions": {"AsyncTTLCache.__init__": {"executed_lines": [12, 13, 14, 15], "summary": {"covered_lines": 4, "num_statements": 4, "percent_covered": 100.0, "percent_covered_display": "100.00", "missing_lines": 0, "excluded_lines": 0, "num_branches": 0, "num_partial_branches": 0, "covered_branches": 0, "missing_branches": 0}, "missing_lines": [], "excluded_lines": [], "executed_branches": [], "missing_branches": []}, "AsyncTTLCache.get": {"executed_lines": [], "summary": {"covered_lines": 0, "num_statements": 8, "percent_covered": 0.0, "percent_covered_display": "0.00", "missing_lines": 8, "excluded_lines": 0, "num_branches": 4, "num_partial_branches": 0, "covered_branches": 0, "missing_branches": 4}, "missing_lines": [21, 22, 23, 24, 25, 26, 28, 29], "excluded_lines": [], "executed_branches": [], "missing_branches": [[22, 23], [22, 29], [24, 25], [24, 28]]}, "AsyncTTLCache.set": {"executed_lines": [35, 36, 37, 38], "summary": {"covered_lines": 4, "num_statements": 5, "percent_covered": 71.42857142857143, "percent_covered_display": "71.43", "missing_lines": 1, "excluded_lines": 0, "num_branches": 2, "num_partial_branches": 1, "covered_branches": 1, "missing_branches": 1}, "missing_lines": [39], "excluded_lines": [], "executed_branches": [[38, -31]], "missing_branches": [[38, 39]]}, "AsyncTTLCache.delete": {"executed_lines": [], "summary": {"covered_lines": 0, "num_statements": 2, "percent_covered": 0.0, "percent_covered_display": "0.00", "missing_lines": 2, "excluded_lines": 0, "num_branches": 0, "num_partial_branches": 0, "covered_branches": 0, "missing_branches": 0}, "missing_lines": [43, 44], "excluded_lines": [], "executed_branches": [], "missing_branches": []}, "AsyncTTLCache.clear": {"executed_lines": [], "summary": {"covered_lines": 0, "num_statements": 2, "percent_covered": 0.0, "percent_covered_display": "0.00", "missing_lines": 2, "excluded_lines": 0, "num_branches": 0, "num_partial_branches": 0, "covered_branches": 0, "missing_branches": 0}, "missing_lines": [48, 49], "excluded_lines": [], "executed_branches": [], "missing_branches": []}, "": {"executed_lines": [3, 4, 5, 6, 8, 9, 11, 17, 31, 41, 46], "summary": {"covered_lines": 10, "num_statements": 10, "percent_covered": 100.0, "percent_covered_display": "100.00", "missing_lines": 0, "excluded_lines": 0, "num_branches": 0, "num_partial_branches": 0, "covered_branches": 0, "missing_branches": 0}, "missing_lines": [], "excluded_lines": [], "executed_branches": [], "missing_branches": []}}, "classes": {"AsyncTTLCache": {"executed_lines": [12, 13, 14, 15, 35, 36, 37, 38], "summary": {"covered_lines": 8, "num_statements": 21, "percent_covered": 33.333333333333336, "percent_covered_display": "33.33", "missing_lines": 13, "excluded_lines": 0, "num_branches": 6, "num_partial_branches": 1, "covered_branches": 1, "missing_branches": 5}, "missing_lines": [21, 22, 23, 24, 25, 26, 28, 29, 39, 43, 44, 48, 49], "excluded_lines": [], "executed_branches": [[38, -31]], "missing_branches": [[22, 23], [22, 29], [24, 25], [24, 28], [38, 39]]}, "": {"executed_lines": [3, 4, 5, 6, 8, 9, 11, 17, 31, 41, 46], "summary": {"covered_lines": 10, "num_statements": 10, "percent_covered": 100.0, "percent_covered_display": "100.00", "missing_lines": 0, "excluded_lines": 0, "num_branches": 0, "num_partial_branches": 0, "covered_branches": 0, "missing_branches": 0}, "missing_lines": [], "excluded_lines": [], "executed_branches": [], "missing_branches": []}}}, "app/cache_warming.py": {"executed_lines": [1, 8, 10, 11, 12, 13, 14, 16, 17, 18, 25, 33, 46, 62, 77, 78, 79, 82, 83, 84, 85, 88, 89, 90, 91, 94, 95, 98, 99, 102, 104, 105, 127, 128, 130, 149, 160, 167, 204, 265, 287, 321, 338, 362, 364, 372, 378, 385], "summary": {"covered_lines": 45, "num_statements": 169, "percent_covered": 21.73913043478261, "percent_covered_display": "21.74", "missing_lines": 124, "excluded_lines": 0, "num_branches": 38, "num_partial_branches": 0, "covered_branches": 0, "missing_branches": 38}, "missing_lines": [107, 108, 131, 132, 133, 136, 139, 142, 151, 152, 154, 155, 156, 158, 162, 163, 164, 165, 169, 170, 171, 172, 174, 177, 179, 180, 181, 182, 185, 188, 189, 190, 191, 192, 193, 195, 196, 197, 199, 200, 201, 202, 214, 215, 216, 217, 223, 224, 225, 226, 228, 231, 233, 234, 235, 236, 239, 242, 243, 244, 245, 247, 248, 249, 250, 251, 252, 255, 256, 258, 260, 261, 263, 267, 268, 271, 278, 279, 281, 289, 290, 291, 293, 294, 295, 297, 298, 300, 302, 303, 304, 305, 308, 309, 310, 311, 312, 313, 314, 315, 316, 318, 319, 323, 324, 326, 327, 329, 330, 331, 332, 333, 334, 336, 340, 367, 368, 369, 374, 375, 381, 382, 387, 388], "excluded_lines": [], "executed_branches": [], "missing_branches": [[151, 152], [151, 154], [162, 163], [162, 164], [170, 171], [170, 174], [179, 180], [179, 185], [190, 191], [190, 195], [214, 215], [214, 228], [216, 217], [216, 228], [224, 225], [224, 228], [243, 244], [243, 258], [247, 248], [247, 255], [248, 249], [248, 251], [255, 243], [255, 256], [289, 290], [289, 293], [293, 294], [293, 297], [308, -300], [308, 309], [323, 324], [323, 326], [329, 330], [329, 336], [367, 368], [367, 369], [381, -378], [381, 382]], "functions": {"WarmingConfig.from_settings": {"executed_lines": [], "summary": {"covered_lines": 0, "num_statements": 2, "percent_covered": 0.0, "percent_covered_display": "0.00", "missing_lines": 2, "excluded_lines": 0, "num_branches": 0, "num_partial_branches": 0, "covered_branches": 0, "missing_branches": 0}, "missing_lines": [107, 108], "excluded_lines": [], "executed_branches": [], "missing_branches": []}, "CacheWarmer.__init__": {"executed_lines": [], "summary": {"covered_lines": 0, "num_statements": 6, "percent_covered": 0.0, "percent_covered_display": "0.00", "missing_lines": 6, "excluded_lines": 0, "num_branches": 0, "num_partial_branches": 0, "covered_branches": 0, "missing_branches": 0}, "missing_lines": [131, 132, 133, 136, 139, 142], "excluded_lines": [], "executed_branches": [], "missing_branches": []}, "CacheWarmer._should_skip_domain": {"executed_lines": [], "summary": {"covered_lines": 0, "num_statements": 6, "percent_covered": 0.0, "percent_covered_display": "0.00", "missing_lines": 6, "excluded_lines": 0, "num_branches": 2, "num_partial_branches": 0, "covered_branches": 0, "missing_branches": 2}, "missing_lines": [151, 152, 154, 155, 156, 158], "excluded_lines": [], "executed_branches": [], "missing_branches": [[151, 152], [151, 154]]}, "CacheWarmer._record_failure": {"executed_lines": [], "summary": {"covered_lines": 0, "num_statements": 4, "percent_covered": 0.0, "percent_covered_display": "0.00", "missing_lines": 4, "excluded_lines": 0, "num_branches": 2, "num_partial_branches": 0, "covered_branches": 0, "missing_branches": 2}, "missing_lines": [162, 163, 164, 165], "excluded_lines": [], "executed_branches": [], "missing_branches": [[162, 163], [162, 164]]}, "CacheWarmer._warm_domain": {"executed_lines": [], "summary": {"covered_lines": 0, "num_statements": 24, "percent_covered": 0.0, "percent_covered_display": "0.00", "missing_lines": 24, "excluded_lines": 0, "num_branches": 6, "num_partial_branches": 0, "covered_branches": 0, "missing_branches": 6}, "missing_lines": [169, 170, 171, 172, 174, 177, 179, 180, 181, 182, 185, 188, 189, 190, 191, 192, 193, 195, 196, 197, 199, 200, 201, 202], "excluded_lines": [], "executed_branches": [], "missing_branches": [[170, 171], [170, 174], [179, 180], [179, 185], [190, 191], [190, 195]]}, "CacheWarmer._warm_tier": {"executed_lines": [], "summary": {"covered_lines": 0, "num_statements": 28, "percent_covered": 0.0, "percent_covered_display": "0.00", "missing_lines": 28, "excluded_lines": 0, "num_branches": 14, "num_partial_branches": 0, "covered_branches": 0, "missing_branches": 14}, "missing_lines": [214, 215, 216, 217, 223, 224, 225, 226, 228, 231, 233, 239, 242, 243, 244, 245, 247, 248, 249, 250, 251, 252, 255, 256, 258, 260, 261, 263], "excluded_lines": [], "executed_branches": [], "missing_branches": [[214, 215], [214, 228], [216, 217], [216, 228], [224, 225], [224, 228], [243, 244], [243, 258], [247, 248], [247, 255], [248, 249], [248, 251], [255, 243], [255, 256]]}, "CacheWarmer._warm_tier._warm_with_semaphore": {"executed_lines": [], "summary": {"covered_lines": 0, "num_statements": 3, "percent_covered": 0.0, "percent_covered_display": "0.00", "missing_lines": 3, "excluded_lines": 0, "num_branches": 0, "num_partial_branches": 0, "covered_branches": 0, "missing_branches": 0}, "missing_lines": [234, 235, 236], "excluded_lines": [], "executed_branches": [], "missing_branches": []}, "CacheWarmer.warm_all_tiers": {"executed_lines": [], "summary": {"covered_lines": 0, "num_statements": 6, "percent_covered": 0.0, "percent_covered_display": "0.00", "missing_lines": 6, "excluded_lines": 0, "num_branches": 0, "num_partial_branches": 0, "covered_branches": 0, "missing_branches": 0}, "missing_lines": [267, 268, 271, 278, 279, 281], "excluded_lines": [], "executed_branches": [], "missing_branches": []}, "CacheWarmer.start_background_warming": {"executed_lines": [], "summary": {"covered_lines": 0, "num_statements": 11, "percent_covered": 0.0, "percent_covered_display": "0.00", "missing_lines": 11, "excluded_lines": 0, "num_branches": 4, "num_partial_branches": 0, "covered_branches": 0, "missing_branches": 4}, "missing_lines": [289, 290, 291, 293, 294, 295, 297, 298, 300, 318, 319], "excluded_lines": [], "executed_branches": [], "missing_branches": [[289, 290], [289, 293], [293, 294], [293, 297]]}, "CacheWarmer.start_background_warming._warming_loop": {"executed_lines": [], "summary": {"covered_lines": 0, "num_statements": 13, "percent_covered": 0.0, "percent_covered_display": "0.00", "missing_lines": 13, "excluded_lines": 0, "num_branches": 2, "num_partial_branches": 0, "covered_branches": 0, "missing_branches": 2}, "missing_lines": [302, 303, 304, 305, 308, 309, 310, 311, 312, 313, 314, 315, 316], "excluded_lines": [], "executed_branches": [], "missing_branches": [[308, -300], [308, 309]]}, "CacheWarmer.stop": {"executed_lines": [], "summary": {"covered_lines": 0, "num_statements": 11, "percent_covered": 0.0, "percent_covered_display": "0.00", "missing_lines": 11, "excluded_lines": 0, "num_branches": 4, "num_partial_branches": 0, "covered_branches": 0, "missing_branches": 4}, "missing_lines": [323, 324, 326, 327, 329, 330, 331, 332, 333, 334, 336], "excluded_lines": [], "executed_branches": [], "missing_branches": [[323, 324], [323, 326], [329, 330], [329, 336]]}, "CacheWarmer.get_stats": {"executed_lines": [], "summary": {"covered_lines": 0, "num_statements": 1, "percent_covered": 0.0, "percent_covered_display": "0.00", "missing_lines": 1, "excluded_lines": 0, "num_branches": 0, "num_partial_branches": 0, "covered_branches": 0, "missing_branches": 0}, "missing_lines": [340], "excluded_lines": [], "executed_branches": [], "missing_branches": []}, "get_cache_warmer": {"executed_lines": [], "summary": {"covered_lines": 0, "num_statements": 3, "percent_covered": 0.0, "percent_covered_display": "0.00", "missing_lines": 3, "excluded_lines": 0, "num_branches": 2, "num_partial_branches": 0, "covered_branches": 0, "missing_branches": 2}, "missing_lines": [367, 368, 369], "excluded_lines": [], "executed_branches": [], "missing_branches": [[367, 368], [367, 369]]}, "start_cache_warming": {"executed_lines": [], "summary": {"covered_lines": 0, "num_statements": 2, "percent_covered": 0.0, "percent_covered_display": "0.00", "missing_lines": 2, "excluded_lines": 0, "num_branches": 0, "num_partial_branches": 0, "covered_branches": 0, "missing_branches": 0}, "missing_lines": [374, 375], "excluded_lines": [], "executed_branches": [], "missing_branches": []}, "stop_cache_warming": {"executed_lines": [], "summary": {"covered_lines": 0, "num_statements": 2, "percent_covered": 0.0, "percent_covered_display": "0.00", "missing_lines": 2, "excluded_lines": 0, "num_branches": 2, "num_partial_branches": 0, "covered_branches": 0, "missing_branches": 2}, "missing_lines": [381, 382], "excluded_lines": [], "executed_branches": [], "missing_branches": [[381, -378], [381, 382]]}, "get_warming_stats": {"executed_lines": [], "summary": {"covered_lines": 0, "num_statements": 2, "percent_covered": 0.0, "percent_covered_display": "0.00", "missing_lines": 2, "excluded_lines": 0, "num_branches": 0, "num_partial_branches": 0, "covered_branches": 0, "missing_branches": 0}, "missing_lines": [387, 388], "excluded_lines": [], "executed_branches": [], "missing_branches": []}, "": {"executed_lines": [1, 8, 10, 11, 12, 13, 14, 16, 17, 18, 25, 33, 46, 62, 77, 78, 79, 82, 83, 84, 85, 88, 89, 90, 91, 94, 95, 98, 99, 102, 104, 105, 127, 128, 130, 149, 160, 167, 204, 265, 287, 321, 338, 362, 364, 372, 378, 385], "summary": {"covered_lines": 45, "num_statements": 45, "percent_covered": 100.0, "percent_covered_display": "100.00", "missing_lines": 0, "excluded_lines": 0, "num_branches": 0, "num_partial_branches": 0, "covered_branches": 0, "missing_branches": 0}, "missing_lines": [], "excluded_lines": [], "executed_branches": [], "missing_branches": []}}, "classes": {"WarmingConfig": {"executed_lines": [], "summary": {"covered_lines": 0, "num_statements": 2, "percent_covered": 0.0, "percent_covered_display": "0.00", "missing_lines": 2, "excluded_lines": 0, "num_branches": 0, "num_partial_branches": 0, "covered_branches": 0, "missing_branches": 0}, "missing_lines": [107, 108], "excluded_lines": [], "executed_branches": [], "missing_branches": []}, "CacheWarmer": {"executed_lines": [], "summary": {"covered_lines": 0, "num_statements": 113, "percent_covered": 0.0, "percent_covered_display": "0.00", "missing_lines": 113, "excluded_lines": 0, "num_branches": 34, "num_partial_branches": 0, "covered_branches": 0, "missing_branches": 34}, "missing_lines": [131, 132, 133, 136, 139, 142, 151, 152, 154, 155, 156, 158, 162, 163, 164, 165, 169, 170, 171, 172, 174, 177, 179, 180, 181, 182, 185, 188, 189, 190, 191, 192, 193, 195, 196, 197, 199, 200, 201, 202, 214, 215, 216, 217, 223, 224, 225, 226, 228, 231, 233, 234, 235, 236, 239, 242, 243, 244, 245, 247, 248, 249, 250, 251, 252, 255, 256, 258, 260, 261, 263, 267, 268, 271, 278, 279, 281, 289, 290, 291, 293, 294, 295, 297, 298, 300, 302, 303, 304, 305, 308, 309, 310, 311, 312, 313, 314, 315, 316, 318, 319, 323, 324, 326, 327, 329, 330, 331, 332, 333, 334, 336, 340], "excluded_lines": [], "executed_branches": [], "missing_branches": [[151, 152], [151, 154], [162, 163], [162, 164], [170, 171], [170, 174], [179, 180], [179, 185], [190, 191], [190, 195], [214, 215], [214, 228], [216, 217], [216, 228], [224, 225], [224, 228], [243, 244], [243, 258], [247, 248], [247, 255], [248, 249], [248, 251], [255, 243], [255, 256], [289, 290], [289, 293], [293, 294], [293, 297], [308, -300], [308, 309], [323, 324], [323, 326], [329, 330], [329, 336]]}, "": {"executed_lines": [1, 8, 10, 11, 12, 13, 14, 16, 17, 18, 25, 33, 46, 62, 77, 78, 79, 82, 83, 84, 85, 88, 89, 90, 91, 94, 95, 98, 99, 102, 104, 105, 127, 128, 130, 149, 160, 167, 204, 265, 287, 321, 338, 362, 364, 372, 378, 385], "summary": {"covered_lines": 45, "num_statements": 54, "percent_covered": 77.58620689655173, "percent_covered_display": "77.59", "missing_lines": 9, "excluded_lines": 0, "num_branches": 4, "num_partial_branches": 0, "covered_branches": 0, "missing_branches": 4}, "missing_lines": [367, 368, 369, 374, 375, 381, 382, 387, 388], "excluded_lines": [], "executed_branches": [], "missing_branches": [[367, 368], [367, 369], [381, -378], [381, 382]]}}}, "app/config.py": {"executed_lines": [1, 11, 12, 13, 14, 15, 16, 18, 27, 29, 32, 33, 34, 35, 36, 37, 40, 41, 42, 43, 44, 46, 49, 50, 51, 55, 59, 64, 69, 74, 75, 76, 78, 83, 84, 87, 88, 89, 91, 92, 93, 94, 95, 97, 98, 101, 109, 110, 111, 112, 113, 115, 116, 119, 125, 126, 127, 128, 131, 132, 133, 136, 137, 138, 141, 142, 143, 144, 146, 147, 148, 149, 150, 151, 153, 160, 161, 162, 163, 164, 165, 167, 170, 171, 172, 173, 181, 182, 185, 188, 189, 190, 191, 192, 193, 195, 198, 199, 201, 206, 211, 216, 221, 226, 231, 237, 238, 239, 241, 244, 245, 247, 248, 250, 252, 253, 254, 256, 259, 260, 262, 263, 265, 267, 273, 274, 275, 276, 277, 278, 279, 282, 283, 284, 286, 287, 288, 289, 294, 295, 298, 299, 300, 301, 302, 309, 311, 318, 319, 320, 321, 322, 327, 328, 329, 330, 342, 351, 354, 355, 356, 357, 358, 359, 360, 362, 363, 364, 366, 367, 369, 371, 374, 375, 382, 383, 384, 387, 392, 397, 402, 409, 410, 413, 414, 415, 416, 417, 418, 421, 422, 425, 433, 443, 477, 478, 479, 480, 481, 482, 483, 486, 487, 488, 490, 498, 500, 501, 502, 512, 513, 514, 526, 527, 528, 530, 536, 538, 539, 540, 542, 543, 544, 545, 546, 547, 553, 554, 555, 557, 558, 561, 563, 564, 566, 567, 568, 576, 578, 579, 582, 583, 585, 616, 618, 628, 630, 631, 632, 633, 634, 635, 636, 637, 638, 639, 643, 646, 647, 652, 653, 684, 685, 693, 697, 700, 717], "summary": {"covered_lines": 257, "num_statements": 375, "percent_covered": 61.74636174636175, "percent_covered_display": "61.75", "missing_lines": 118, "excluded_lines": 0, "num_branches": 106, "num_partial_branches": 26, "covered_branches": 40, "missing_branches": 66}, "missing_lines": [79, 80, 81, 82, 85, 96, 99, 152, 154, 155, 156, 157, 158, 166, 168, 174, 175, 176, 177, 178, 179, 180, 183, 249, 264, 290, 291, 292, 293, 296, 303, 305, 306, 307, 308, 368, 491, 492, 493, 494, 495, 496, 497, 504, 505, 506, 507, 508, 509, 510, 516, 517, 518, 519, 520, 521, 522, 523, 524, 531, 532, 533, 534, 535, 548, 549, 550, 551, 559, 560, 569, 571, 575, 587, 588, 589, 590, 593, 594, 595, 598, 599, 600, 601, 602, 603, 606, 607, 610, 611, 612, 614, 640, 641, 686, 702, 703, 704, 705, 706, 707, 708, 709, 710, 711, 712, 713, 714, 719, 722, 723, 724, 725, 726, 727, 730, 731, 732], "excluded_lines": [], "executed_branches": [[78, 83], [83, 84], [91, 92], [91, 93], [93, 94], [95, 97], [97, 98], [149, 150], [151, 153], [163, 164], [165, 167], [173, 181], [181, 182], [244, 245], [244, 247], [248, 250], [259, 260], [259, 262], [263, 265], [289, 294], [294, 295], [301, 302], [302, 309], [367, 369], [490, 498], [530, 536], [542, 543], [542, 544], [544, 545], [558, 561], [566, 567], [566, 576], [568, 566], [582, 583], [582, 585], [585, 616], [652, 653], [652, 684], [685, 693], [717, -1]], "missing_branches": [[78, 79], [83, 85], [93, 99], [95, 96], [97, 99], [149, 154], [151, 152], [154, 155], [154, 156], [156, 157], [156, 158], [163, 168], [165, 166], [173, 174], [176, 177], [176, 178], [181, 183], [248, 249], [263, 264], [289, 290], [291, 292], [291, 293], [294, 296], [301, 305], [302, 303], [305, 306], [305, 307], [307, 308], [307, 309], [367, 368], [490, 491], [493, 494], [493, 495], [504, 505], [504, 510], [516, 517], [516, 524], [519, 520], [519, 521], [530, 531], [544, 551], [558, 559], [568, 569], [585, 587], [587, 588], [587, 589], [589, 590], [589, 593], [594, 595], [594, 598], [598, 599], [598, 600], [600, 601], [600, 602], [602, 603], [602, 606], [606, 607], [606, 610], [610, 611], [610, 614], [611, 612], [611, 614], [685, 686], [717, 719], [731, -1], [731, 732]], "functions": {"SecuritySettings.parse_cors_origins": {"executed_lines": [78, 83, 84], "summary": {"covered_lines": 3, "num_statements": 8, "percent_covered": 41.666666666666664, "percent_covered_display": "41.67", "missing_lines": 5, "excluded_lines": 0, "num_branches": 4, "num_partial_branches": 2, "covered_branches": 2, "missing_branches": 2}, "missing_lines": [79, 80, 81, 82, 85], "excluded_lines": [], "executed_branches": [[78, 83], [83, 84]], "missing_branches": [[78, 79], [83, 85]]}, "SecuritySettings.validate_https_redirect": {"executed_lines": [91, 92, 93, 94, 95, 97, 98], "summary": {"covered_lines": 7, "num_statements": 9, "percent_covered": 70.58823529411765, "percent_covered_display": "70.59", "missing_lines": 2, "excluded_lines": 0, "num_branches": 8, "num_partial_branches": 3, "covered_branches": 5, "missing_branches": 3}, "missing_lines": [96, 99], "excluded_lines": [], "executed_branches": [[91, 92], [91, 93], [93, 94], [95, 97], [97, 98]], "missing_branches": [[93, 99], [95, 96], [97, 99]]}, "EmailValidationSettings.parse_disposable_domains": {"executed_lines": [149, 150, 151, 153], "summary": {"covered_lines": 4, "num_statements": 10, "percent_covered": 33.333333333333336, "percent_covered_display": "33.33", "missing_lines": 6, "excluded_lines": 0, "num_branches": 8, "num_partial_branches": 2, "covered_branches": 2, "missing_branches": 6}, "missing_lines": [152, 154, 155, 156, 157, 158], "excluded_lines": [], "executed_branches": [[149, 150], [151, 153]], "missing_branches": [[149, 154], [151, 152], [154, 155], [154, 156], [156, 157], [156, 158]]}, "EmailValidationSettings.validate_smtp_ports": {"executed_lines": [163, 164, 165, 167], "summary": {"covered_lines": 4, "num_statements": 6, "percent_covered": 60.0, "percent_covered_display": "60.00", "missing_lines": 2, "excluded_lines": 0, "num_branches": 4, "num_partial_branches": 2, "covered_branches": 2, "missing_branches": 2}, "missing_lines": [166, 168], "excluded_lines": [], "executed_branches": [[163, 164], [165, 167]], "missing_branches": [[163, 168], [165, 166]]}, "EmailValidationSettings._parse_dns_nameservers": {"executed_lines": [173, 181, 182], "summary": {"covered_lines": 3, "num_statements": 11, "percent_covered": 29.41176470588235, "percent_covered_display": "29.41", "missing_lines": 8, "excluded_lines": 0, "num_branches": 6, "num_partial_branches": 2, "covered_branches": 2, "missing_branches": 4}, "missing_lines": [174, 175, 176, 177, 178, 179, 180, 183], "excluded_lines": [], "executed_branches": [[173, 181], [181, 182]], "missing_branches": [[173, 174], [176, 177], [176, 178], [181, 183]]}, "StripeSettings.validate_stripe_key": {"executed_lines": [241, 244, 245, 247, 248, 250], "summary": {"covered_lines": 6, "num_statements": 7, "percent_covered": 81.81818181818181, "percent_covered_display": "81.82", "missing_lines": 1, "excluded_lines": 0, "num_branches": 4, "num_partial_branches": 1, "covered_branches": 3, "missing_branches": 1}, "missing_lines": [249], "excluded_lines": [], "executed_branches": [[244, 245], [244, 247], [248, 250]], "missing_branches": [[248, 249]]}, "StripeSettings.validate_public_key": {"executed_lines": [256, 259, 260, 262, 263, 265], "summary": {"covered_lines": 6, "num_statements": 7, "percent_covered": 81.81818181818181, "percent_covered_display": "81.82", "missing_lines": 1, "excluded_l
[...]
[1349, 1351], [1351, 1352], [1351, 1354]], "missing_branches": [[1349, 1350]]}, "check_domain_sync": {"executed_lines": [1361, 1362, 1363, 1364, 1365, 1369, 1370, 1371], "summary": {"covered_lines": 8, "num_statements": 10, "percent_covered": 80.0, "percent_covered_display": "80.00", "missing_lines": 2, "excluded_lines": 0, "num_branches": 0, "num_partial_branches": 0, "covered_branches": 0, "missing_branches": 0}, "missing_lines": [1367, 1368], "excluded_lines": [], "executed_branches": [], "missing_branches": []}, "is_disposable_domain": {"executed_lines": [1382, 1383, 1384, 1385, 1386, 1387, 1388, 1389, 1390, 1393], "summary": {"covered_lines": 10, "num_statements": 15, "percent_covered": 71.42857142857143, "percent_covered_display": "71.43", "missing_lines": 5, "excluded_lines": 0, "num_branches": 6, "num_partial_branches": 1, "covered_branches": 5, "missing_branches": 1}, "missing_lines": [1391, 1392, 1394, 1395, 1396], "excluded_lines": [], "executed_branches": [[1384, 1385], [1384, 1386], [1386, 1387], [1386, 1393], [1389, 1390]], "missing_branches": [[1389, 1393]]}, "get_smtp_circuit_breaker_status": {"executed_lines": [], "summary": {"covered_lines": 0, "num_statements": 1, "percent_covered": 0.0, "percent_covered_display": "0.00", "missing_lines": 1, "excluded_lines": 0, "num_branches": 0, "num_partial_branches": 0, "covered_branches": 0, "missing_branches": 0}, "missing_lines": [1403], "excluded_lines": [], "executed_branches": [], "missing_branches": []}, "get_cache_stats": {"executed_lines": [], "summary": {"covered_lines": 0, "num_statements": 13, "percent_covered": 0.0, "percent_covered_display": "0.00", "missing_lines": 13, "excluded_lines": 0, "num_branches": 4, "num_partial_branches": 0, "covered_branches": 0, "missing_branches": 4}, "missing_lines": [1410, 1411, 1413, 1414, 1415, 1416, 1417, 1418, 1419, 1420, 1425, 1426, 1427], "excluded_lines": [], "executed_branches": [], "missing_branches": [[1410, 1411], [1410, 1427], [1418, 1415], [1418, 1419]]}, "parse_smtp_response": {"executed_lines": [], "summary": {"covered_lines": 0, "num_statements": 1, "percent_covered": 0.0, "percent_covered_display": "0.00", "missing_lines": 1, "excluded_lines": 0, "num_branches": 0, "num_partial_branches": 0, "covered_branches": 0, "missing_branches": 0}, "missing_lines": [1436], "excluded_lines": [], "executed_branches": [], "missing_branches": []}, "example_usage": {"executed_lines": [], "summary": {"covered_lines": 0, "num_statements": 3, "percent_covered": 0.0, "percent_covered_display": "0.00", "missing_lines": 3, "excluded_lines": 0, "num_branches": 0, "num_partial_branches": 0, "covered_branches": 0, "missing_branches": 0}, "missing_lines": [1443, 1444, 1445], "excluded_lines": [], "executed_branches": [], "missing_branches": []}, "": {"executed_lines": [3, 5, 6, 7, 8, 9, 10, 11, 12, 13, 14, 15, 16, 17, 18, 19, 20, 21, 23, 24, 25, 28, 29, 34, 35, 36, 40, 43, 46, 48, 50, 51, 52, 58, 59, 60, 66, 67, 68, 69, 70, 71, 74, 75, 76, 77, 78, 79, 80, 83, 84, 85, 86, 87, 88, 89, 90, 91, 92, 93, 94, 95, 96, 97, 98, 99, 100, 101, 102, 105, 112, 124, 125, 150, 151, 152, 153, 154, 158, 159, 160, 161, 162, 163, 164, 165, 167, 178, 179, 180, 181, 182, 183, 184, 185, 187, 195, 196, 199, 205, 211, 217, 221, 228, 237, 238, 239, 241, 244, 251, 275, 307, 346, 355, 360, 370, 390, 408, 409, 412, 415, 427, 430, 443, 444, 445, 471, 472, 507, 513, 553, 554, 584, 587, 591, 598, 608, 645, 652, 668, 682, 693, 696, 717, 727, 774, 799, 822, 879, 880, 883, 886, 1002, 1025, 1032, 1099, 1105, 1106, 1107, 1113, 1114, 1115, 1116, 1118, 1124, 1125, 1138, 1139, 1150, 1157, 1195, 1303, 1307, 1308, 1314, 1345, 1360, 1378, 1402, 1409, 1435, 1442, 1448], "summary": {"covered_lines": 180, "num_statements": 184, "percent_covered": 96.80851063829788, "percent_covered_display": "96.81", "missing_lines": 4, "excluded_lines": 4, "num_branches": 4, "num_partial_branches": 2, "covered_branches": 2, "missing_branches": 2}, "missing_lines": [44, 53, 54, 1449], "excluded_lines": [30, 31, 37, 38], "executed_branches": [[43, 46], [1448, -3]], "missing_branches": [[43, 44], [1448, 1449]]}}, "classes": {"ValidationResult": {"executed_lines": [], "summary": {"covered_lines": 0, "num_statements": 0, "percent_covered": 100.0, "percent_covered_display": "100.00", "missing_lines": 0, "excluded_lines": 0, "num_branches": 0, "num_partial_branches": 0, "covered_branches": 0, "missing_branches": 0}, "missing_lines": [], "excluded_lines": [], "executed_branches": [], "missing_branches": []}, "SMTPResult": {"executed_lines": [], "summary": {"covered_lines": 0, "num_statements": 0, "percent_covered": 100.0, "percent_covered_display": "100.00", "missing_lines": 0, "excluded_lines": 0, "num_branches": 0, "num_partial_branches": 0, "covered_branches": 0, "missing_branches": 0}, "missing_lines": [], "excluded_lines": [], "executed_branches": [], "missing_branches": []}, "ValidationConfig": {"executed_lines": [106, 107, 108, 109], "summary": {"covered_lines": 4, "num_statements": 4, "percent_covered": 100.0, "percent_covered_display": "100.00", "missing_lines": 0, "excluded_lines": 0, "num_branches": 4, "num_partial_branches": 0, "covered_branches": 4, "missing_branches": 0}, "missing_lines": [], "excluded_lines": [], "executed_branches": [[106, 107], [106, 108], [108, -105], [108, 109]], "missing_branches": []}, "MXRecord": {"executed_lines": [155], "summary": {"covered_lines": 1, "num_statements": 1, "percent_covered": 100.0, "percent_covered_display": "100.00", "missing_lines": 0, "excluded_lines": 0, "num_branches": 0, "num_partial_branches": 0, "covered_branches": 0, "missing_branches": 0}, "missing_lines": [], "excluded_lines": [], "executed_branches": [], "missing_branches": []}, "VerificationResult": {"executed_lines": [168], "summary": {"covered_lines": 1, "num_statements": 1, "percent_covered": 100.0, "percent_covered_display": "100.00", "missing_lines": 0, "excluded_lines": 0, "num_branches": 0, "num_partial_branches": 0, "covered_branches": 0, "missing_branches": 0}, "missing_lines": [], "excluded_lines": [], "executed_branches": [], "missing_branches": []}, "SMTPTestResult": {"executed_lines": [188, 189], "summary": {"covered_lines": 2, "num_statements": 2, "percent_covered": 100.0, "percent_covered_display": "100.00", "missing_lines": 0, "excluded_lines": 0, "num_branches": 2, "num_partial_branches": 0, "covered_branches": 2, "missing_branches": 0}, "missing_lines": [], "excluded_lines": [], "executed_branches": [[188, -187], [188, 189]], "missing_branches": []}, "SMTPCircuitBreaker": {"executed_lines": [200, 201, 202, 203, 206, 207, 208, 209, 212, 213, 214, 215, 218, 219, 222, 223, 224, 225], "summary": {"covered_lines": 18, "num_statements": 18, "percent_covered": 100.0, "percent_covered_display": "100.00", "missing_lines": 0, "excluded_lines": 0, "num_branches": 0, "num_partial_branches": 0, "covered_branches": 0, "missing_branches": 0}, "missing_lines": [], "excluded_lines": [], "executed_branches": [], "missing_branches": []}, "DomainExtractor": {"executed_lines": [413, 416, 417, 418, 419, 420, 421], "summary": {"covered_lines": 7, "num_statements": 7, "percent_covered": 100.0, "percent_covered_display": "100.00", "missing_lines": 0, "excluded_lines": 3, "num_branches": 2, "num_partial_branches": 0, "covered_branches": 2, "missing_branches": 0}, "missing_lines": [], "excluded_lines": [422, 423, 424], "executed_branches": [[418, 419], [418, 421]], "missing_branches": []}, "DomainValidator": {"executed_lines": [446, 447, 448, 449, 452, 453, 454, 455, 456, 457, 458, 459, 460, 461, 462, 464, 465, 467, 469, 473, 475, 479, 480, 481, 482, 483, 484, 492, 493, 499, 501], "summary": {"covered_lines": 31, "num_statements": 40, "percent_covered": 76.47058823529412, "percent_covered_display": "76.47", "missing_lines": 9, "excluded_lines": 3, "num_branches": 28, "num_partial_branches": 5, "covered_branches": 21, "missing_branches": 7}, "missing_lines": [450, 463, 468, 474, 494, 495, 496, 497, 498], "excluded_lines": [502, 503, 504], "executed_branches": [[447, 448], [447, 449], [449, 452], [452, 453], [452, 454], [454, 455], [454, 456], [456, 457], [456, 458], [459, 460], [459, 461], [461, 462], [461, 469], [462, 464], [464, 465], [464, 467], [467, 461], [473, 475], [479, 480], [479, 482], [484, 492]], "missing_branches": [[449, 450], [462, 463], [467, 468], [473, 474], [484, 494], [495, 496], [495, 498]]}, "DNSResolver": {"executed_lines": [555, 558, 559, 560, 561, 565, 566, 567, 572, 573, 574, 575, 578, 585, 588, 592, 599, 600, 601, 602, 603, 604, 605, 606, 610, 611, 612, 613, 614, 616, 617, 618, 619, 620, 621, 624, 625, 626, 627, 628, 629, 630, 631, 632, 633, 643, 646, 647, 649, 683, 684, 685, 686, 687, 688], "summary": {"covered_lines": 55, "num_statements": 95, "percent_covered": 53.38345864661654, "percent_covered_display": "53.38", "missing_lines": 40, "excluded_lines": 0, "num_branches": 38, "num_partial_branches": 6, "covered_branches": 16, "missing_branches": 22}, "missing_lines": [562, 569, 593, 594, 595, 596, 634, 635, 636, 637, 639, 640, 641, 648, 653, 654, 655, 656, 657, 658, 659, 663, 664, 665, 666, 669, 670, 671, 672, 673, 674, 675, 676, 677, 678, 679, 680, 689, 690, 691], "excluded_lines": [], "executed_branches": [[559, 560], [561, 565], [565, 566], [603, 604], [603, 605], [616, 617], [616, 624], [625, 626], [625, 643], [626, 627], [626, 629], [627, 625], [627, 628], [629, 630], [632, 633], [647, 649]], "missing_branches": [[559, 565], [561, 562], [565, 569], [594, 595], [594, 596], [629, 634], [632, 625], [634, 635], [634, 639], [636, 625], [636, 637], [640, 625], [640, 641], [647, 648], [655, 656], [655, 666], [664, 655], [664, 665], [675, 676], [675, 678], [676, 675], [676, 677]]}, "DomainChecker": {"executed_lines": [884, 898, 899, 901, 904, 905, 906, 910, 918, 919, 920, 927, 928, 930, 931, 933, 934, 936, 943, 944], "summary": {"covered_lines": 20, "num_statements": 113, "percent_covered": 19.727891156462587, "percent_covered_display": "19.73", "missing_lines": 93, "excluded_lines": 0, "num_branches": 34, "num_partial_branches": 3, "covered_branches": 9, "missing_branches": 25}, "missing_lines": [911, 937, 952, 953, 955, 956, 958, 959, 960, 961, 963, 964, 965, 966, 967, 969, 970, 971, 972, 973, 974, 976, 977, 979, 985, 986, 987, 994, 1006, 1007, 1009, 1010, 1011, 1017, 1018, 1019, 1020, 1021, 1023, 1026, 1027, 1028, 1029, 1030, 1033, 1034, 1035, 1036, 1037, 1038, 1039, 1040, 1041, 1043, 1044, 1045, 1046, 1047, 1048, 1049, 1050, 1051, 1052, 1053, 1055, 1056, 1057, 1058, 1059, 1060, 1061, 1062, 1064, 1065, 1071, 1072, 1073, 1080, 1081, 1082, 1083, 1084, 1086, 1087, 1088, 1089, 1090, 1091, 1092, 1093, 1094, 1095, 1096], "excluded_lines": [], "executed_branches": [[898, 899], [898, 901], [904, 905], [904, 910], [905, 906], [910, 918], [919, 920], [919, 927], [928, 930]], "missing_branches": [[905, 910], [910, 911], [928, 952], [955, 956], [955, 994], [958, 959], [958, 963], [963, 964], [963, 969], [970, 971], [970, 976], [977, 979], [977, 985], [1009, 1010], [1009, 1023], [1017, 1009], [1017, 1018], [1027, 1028], [1027, 1030], [1036, 1037], [1036, 1043], [1046, 1047], [1046, 1055], [1059, 1060], [1059, 1064]]}, "SMTPChecker": {"executed_lines": [1119, 1120, 1121, 1122, 1126, 1127, 1128, 1129, 1130, 1131, 1133, 1134, 1135, 1136, 1140, 1142, 1143, 1144, 1145, 1146], "summary": {"covered_lines": 20, "num_statements": 126, "percent_covered": 16.049382716049383, "percent_covered_display": "16.05", "missing_lines": 106, "excluded_lines": 0, "num_branches": 36, "num_partial_branches": 2, "covered_branches": 6, "missing_branches": 30}, "missing_lines": [1132, 1141, 1147, 1148, 1151, 1152, 1153, 1154, 1155, 1158, 1159, 1160, 1161, 1163, 1164, 1167, 1168, 1169, 1170, 1172, 1173, 1174, 1175, 1176, 1177, 1179, 1180, 1182, 1183, 1184, 1186, 1187, 1188, 1189, 1191, 1193, 1196, 1197, 1198, 1200, 1201, 1203, 1204, 1206, 1207, 1208, 1209, 1210, 1211, 1212, 1213, 1214, 1215, 1216, 1217, 1218, 1220, 1221, 1222, 1223, 1224, 1225, 1226, 1227, 1228, 1229, 1230, 1232, 1233, 1234, 1235, 1236, 1237, 1238, 1240, 1242, 1243, 1244, 1245, 1246, 1255, 1264, 1271, 1272, 1273, 1274, 1275, 1276, 1277, 1278, 1285, 1286, 1287, 1289, 1290, 1291, 1292, 1293, 1294, 1295, 1296, 1297, 1298, 1299, 1301, 1304], "excluded_lines": [], "executed_branches": [[1131, 1133], [1133, 1134], [1133, 1135], [1140, 1142], [1143, 1144], [1143, 1145]], "missing_branches": [[1131, 1132], [1140, 1141], [1152, 1153], [1152, 1155], [1163, 1164], [1163, 1167], [1179, 1180], [1179, 1182], [1183, 1184], [1183, 1186], [1187, 1188], [1187, 1189], [1189, 1191], [1189, 1193], [1196, 1197], [1196, 1200], [1203, 1204], [1203, 1301], [1208, 1203], [1208, 1209], [1213, 1214], [1213, 1220], [1223, 1224], [1223, 1232], [1235, 1236], [1235, 1240], [1242, 1243], [1242, 1264], [1245, 1246], [1245, 1255]]}, "": {"executed_lines": [3, 5, 6, 7, 8, 9, 10, 11, 12, 13, 14, 15, 16, 17, 18, 19, 20, 21, 23, 24, 25, 28, 29, 34, 35, 36, 40, 43, 46, 48, 50, 51, 52, 58, 59, 60, 66, 67, 68, 69, 70, 71, 74, 75, 76, 77, 78, 79, 80, 83, 84, 85, 86, 87, 88, 89, 90, 91, 92, 93, 94, 95, 96, 97, 98, 99, 100, 101, 102, 105, 112, 124, 125, 150, 151, 152, 153, 154, 158, 159, 160, 161, 162, 163, 164, 165, 167, 178, 179, 180, 181, 182, 183, 184, 185, 187, 195, 196, 199, 205, 211, 217, 221, 228, 237, 238, 239, 241, 244, 249, 251, 252, 253, 254, 255, 256, 257, 258, 259, 260, 266, 267, 275, 276, 278, 279, 280, 281, 282, 283, 286, 287, 288, 291, 292, 294, 295, 298, 299, 301, 302, 307, 311, 312, 313, 315, 316, 317, 318, 319, 320, 321, 322, 323, 324, 325, 346, 355, 360, 370, 390, 400, 401, 408, 409, 412, 415, 427, 430, 434, 435, 436, 438, 439, 440, 443, 444, 445, 471, 472, 507, 513, 525, 526, 527, 529, 530, 531, 532, 533, 534, 535, 536, 537, 538, 539, 540, 541, 542, 543, 546, 547, 553, 554, 584, 587, 591, 598, 608, 645, 652, 668, 682, 693, 696, 717, 727, 774, 775, 776, 777, 778, 795, 796, 797, 799, 800, 801, 802, 804, 806, 807, 809, 810, 811, 812, 814, 815, 816, 817, 818, 819, 820, 822, 823, 824, 827, 828, 829, 830, 831, 832, 837, 838, 839, 840, 841, 842, 844, 847, 852, 853, 856, 857, 858, 859, 860, 861, 864, 865, 866, 867, 868, 879, 880, 883, 886, 1002, 1025, 1032, 1099, 1105, 1106, 1107, 1113, 1114, 1115, 1116, 1118, 1124, 1125, 1138, 1139, 1150, 1157, 1195, 1303, 1307, 1308, 1314, 1315, 1316, 1317, 1318, 1319, 1321, 1322, 1323, 1324, 1325, 1326, 1327, 1330, 1331, 1332, 1334, 1335, 1345, 1346, 1347, 1348, 1349, 1351, 1352, 1354, 1355, 1356, 1357, 1360, 1361, 1362, 1363, 1364, 1365, 1369, 1370, 1371, 1378, 1382, 1383, 1384, 1385, 1386, 1387, 1388, 1389, 1390, 1393, 1402, 1409, 1435, 1442, 1448], "summary": {"covered_lines": 349, "num_statements": 487, "percent_covered": 65.05636070853463, "percent_covered_display": "65.06", "missing_lines": 138, "excluded_lines": 5, "num_branches": 134, "num_partial_branches": 27, "covered_branches": 55, "missing_branches": 79}, "missing_lines": [44, 53, 54, 116, 117, 118, 119, 120, 262, 263, 268, 269, 270, 271, 272, 285, 293, 296, 297, 300, 303, 304, 326, 327, 330, 331, 332, 333, 335, 336, 337, 338, 339, 340, 437, 544, 545, 697, 698, 699, 700, 701, 703, 704, 705, 706, 708, 709, 710, 711, 712, 713, 714, 718, 719, 720, 721, 731, 732, 733, 741, 742, 743, 744, 745, 746, 747, 755, 756, 757, 758, 759, 760, 761, 762, 763, 765, 766, 767, 768, 779, 780, 781, 782, 783, 784, 785, 786, 787, 788, 789, 791, 792, 793, 794, 803, 805, 833, 834, 845, 846, 848, 849, 869, 870, 872, 1328, 1329, 1336, 1337, 1338, 1350, 1367, 1368, 1391, 1392, 1394, 1395, 1396, 1403, 1410, 1411, 1413, 1414, 1415, 1416, 1417, 1418, 1419, 1420, 1425, 1426, 1427, 1436, 1443, 1444, 1445, 1449], "excluded_lines": [30, 31, 37, 38, 547], "executed_branches": [[43, 46], [252, 253], [255, 256], [255, 266], [266, 267], [278, 279], [282, 283], [292, 294], [294, 295], [299, 301], [301, 302], [311, 312], [319, 320], [321, 322], [323, 324], [436, 438], [532, 533], [532, 534], [541, 542], [541, 546], [776, 777], [776, 797], [777, 778], [795, 796], [801, 802], [801, 814], [802, 804], [804, 806], [806, 807], [806, 809], [811, 812], [816, 817], [816, 820], [817, 818], [829, 830], [829, 837], [831, 832], [841, 842], [841, 852], [858, 859], [858, 864], [860, 861], [867, 868], [1318, 1319], [1318, 1321], [1334, 1335], [1349, 1351], [1351, 1352], [1351, 1354], [1384, 1385], [1384, 1386], [1386, 1387], [1386, 1393], [1389, 1390], [1448, -3]], "missing_branches": [[43, 44], [252, 266], [266, 268], [268, 269], [268, 270], [270, 271], [270, 272], [278, 291], [282, 285], [292, 293], [294, 296], [296, -275], [296, 297], [299, 300], [301, 303], [303, -275], [303, 304], [311, 330], [319, 321], [321, 317], [323, 325], [330, 331], [330, 335], [335, 336], [335, 337], [337, 338], [337, 339], [339, -307], [339, 340], [436, 437], [699, 700], [699, 708], [700, 701], [700, 703], [705, 699], [705, 706], [710, 711], [710, 714], [711, 710], [711, 712], [743, 744], [743, 762], [747, 755], [747, 756], [756, 757], [756, 758], [758, 743], [758, 759], [762, 763], [762, 765], [777, 779], [779, 780], [779, 784], [781, 782], [781, 783], [784, 785], [784, 791], [787, 788], [787, 789], [792, 793], [792, 794], [795, 776], [802, 803], [804, 805], [811, 801], [817, 816], [831, 837], [860, 864], [867, 872], [1334, 1336], [1336, 1337], [1336, 1338], [1349, 1350], [1389, 1393], [1410, 1411], [1410, 1427], [1418, 1415], [1418, 1419], [1448, 1449]]}}}, "app/validations/__init__.py": {"executed_lines": [], "summary": {"covered_lines": 0, "num_statements": 0, "percent_covered": 100.0, "percent_covered_display": "100.00", "missing_lines": 0, "excluded_lines": 0, "num_branches": 0, "num_partial_branches": 0, "covered_branches": 0, "missing_branches": 0}, "missing_lines": [], "excluded_lines": [], "executed_branches": [], "missing_branches": [], "functions": {"": {"executed_lines": [], "summary": {"covered_lines": 0, "num_statements": 0, "percent_covered": 100.0, "percent_covered_display": "100.00", "missing_lines": 0, "excluded_lines": 0, "num_branches": 0, "num_partial_branches": 0, "covered_branches": 0, "missing_branches": 0}, "missing_lines": [], "excluded_lines": [], "executed_branches": [], "missing_branches": []}}, "classes": {"": {"executed_lines": [], "summary": {"covered_lines": 0, "num_statements": 0, "percent_covered": 100.0, "percent_covered_display": "100.00", "missing_lines": 0, "excluded_lines": 0, "num_branches": 0, "num_partial_branches": 0, "covered_branches": 0, "missing_branches": 0}, "missing_lines": [], "excluded_lines": [], "executed_branches": [], "missing_branches": []}}}, "app/validations/temp_mail_domains.py": {"executed_lines": [4], "summary": {"covered_lines": 1, "num_statements": 1, "percent_covered": 100.0, "percent_covered_display": "100.00", "missing_lines": 0, "excluded_lines": 0, "num_branches": 0, "num_partial_branches": 0, "covered_branches": 0, "missing_branches": 0}, "missing_lines": [], "excluded_lines": [], "executed_branches": [], "missing_branches": [], "functions": {"": {"executed_lines": [4], "summary": {"covered_lines": 1, "num_statements": 1, "percent_covered": 100.0, "percent_covered_display": "100.00", "missing_lines": 0, "excluded_lines": 0, "num_branches": 0, "num_partial_branches": 0, "covered_branches": 0, "missing_branches": 0}, "missing_lines": [], "excluded_lines": [], "executed_branches": [], "missing_branches": []}}, "classes": {"": {"executed_lines": [4], "summary": {"covered_lines": 1, "num_statements": 1, "percent_covered": 100.0, "percent_covered_display": "100.00", "missing_lines": 0, "excluded_lines": 0, "num_branches": 0, "num_partial_branches": 0, "covered_branches": 0, "missing_branches": 0}, "missing_lines": [], "excluded_lines": [], "executed_branches": [], "missing_branches": []}}}}, "totals": {"covered_lines": 3297, "num_statements": 7737, "percent_covered": 38.972778633795585, "percent_covered_display": "38.97", "missing_lines": 4440, "excluded_lines": 11, "num_branches": 1998, "num_partial_branches": 243, "covered_branches": 497, "missing_branches": 1501}}